This is pdfTeX, Version 3.14159265-2.6-1.40.16 (TeX Live 2015/Debian) (preloaded format=pdflatex 2016.9.26)  23 JUL 2017 10:10
entering extended mode
 restricted \write18 enabled.
 %&-line parsing enabled.
**theisis_master.tex
(./theisis_master.tex
LaTeX2e <2016/02/01>
Babel <3.9q> and hyphenation patterns for 81 language(s) loaded.
(/usr/share/texlive/texmf-dist/tex/latex/base/book.cls
Document Class: book 2014/09/29 v1.4h Standard LaTeX document class
(/usr/share/texlive/texmf-dist/tex/latex/base/bk12.clo
File: bk12.clo 2014/09/29 v1.4h Standard LaTeX file (size option)
)
\c@part=\count79
\c@chapter=\count80
\c@section=\count81
\c@subsection=\count82
\c@subsubsection=\count83
\c@paragraph=\count84
\c@subparagraph=\count85
\c@figure=\count86
\c@table=\count87
\abovecaptionskip=\skip41
\belowcaptionskip=\skip42
\bibindent=\dimen102
)
(/usr/share/texlive/texmf-dist/tex/latex/appendix/appendix.sty
Package: appendix 2009/09/02 v1.2b extra appendix facilities
\c@@pps=\count88
\c@@ppsavesec=\count89
\c@@ppsaveapp=\count90
)
(/usr/share/texlive/texmf-dist/tex/latex/tocbibind/tocbibind.sty
Package: tocbibind 2010/10/13 v1.5k extra ToC listings
Package tocbibind Info: The document has chapter divisions on input line 50.


Package tocbibind Note: Using chapter style headings, unless overridden.

) (/usr/share/texlive/texmf-dist/tex/latex/tocloft/tocloft.sty
Package: tocloft 2013/05/02 v2.3f parameterised ToC, etc., typesetting
Package tocloft Info: The document has chapter divisions on input line 44.
\cftparskip=\skip43
\cftbeforetoctitleskip=\skip44
\cftaftertoctitleskip=\skip45
\cftbeforepartskip=\skip46
\cftpartnumwidth=\skip47
\cftpartindent=\skip48
\cftbeforechapskip=\skip49
\cftchapindent=\skip50
\cftchapnumwidth=\skip51
\cftbeforesecskip=\skip52
\cftsecindent=\skip53
\cftsecnumwidth=\skip54
\cftbeforesubsecskip=\skip55
\cftsubsecindent=\skip56
\cftsubsecnumwidth=\skip57
\cftbeforesubsubsecskip=\skip58
\cftsubsubsecindent=\skip59
\cftsubsubsecnumwidth=\skip60
\cftbeforeparaskip=\skip61
\cftparaindent=\skip62
\cftparanumwidth=\skip63
\cftbeforesubparaskip=\skip64
\cftsubparaindent=\skip65
\cftsubparanumwidth=\skip66
\cftbeforeloftitleskip=\skip67
\cftafterloftitleskip=\skip68
\cftbeforefigskip=\skip69
\cftfigindent=\skip70
\cftfignumwidth=\skip71
\c@lofdepth=\count91
\c@lotdepth=\count92
\cftbeforelottitleskip=\skip72
\cftafterlottitleskip=\skip73
\cftbeforetabskip=\skip74
\cfttabindent=\skip75
\cfttabnumwidth=\skip76
)
(/usr/share/texlive/texmf-dist/tex/latex/lipsum/lipsum.sty
Package: lipsum 2014/07/27 v1.3 150 paragraphs of Lorem Ipsum dummy text
\c@lips@count=\count93
)
(/usr/share/texlive/texmf-dist/tex/latex/graphics/graphicx.sty
Package: graphicx 2014/10/28 v1.0g Enhanced LaTeX Graphics (DPC,SPQR)

(/usr/share/texlive/texmf-dist/tex/latex/graphics/keyval.sty
Package: keyval 2014/10/28 v1.15 key=value parser (DPC)
\KV@toks@=\toks14
)
(/usr/share/texlive/texmf-dist/tex/latex/graphics/graphics.sty
Package: graphics 2016/01/03 v1.0q Standard LaTeX Graphics (DPC,SPQR)

(/usr/share/texlive/texmf-dist/tex/latex/graphics/trig.sty
Package: trig 2016/01/03 v1.10 sin cos tan (DPC)
)
(/usr/share/texlive/texmf-dist/tex/latex/latexconfig/graphics.cfg
File: graphics.cfg 2010/04/23 v1.9 graphics configuration of TeX Live
)
Package graphics Info: Driver file: pdftex.def on input line 95.

(/usr/share/texlive/texmf-dist/tex/latex/pdftex-def/pdftex.def
File: pdftex.def 2011/05/27 v0.06d Graphics/color for pdfTeX

(/usr/share/texlive/texmf-dist/tex/generic/oberdiek/infwarerr.sty
Package: infwarerr 2010/04/08 v1.3 Providing info/warning/error messages (HO)
)
(/usr/share/texlive/texmf-dist/tex/generic/oberdiek/ltxcmds.sty
Package: ltxcmds 2011/11/09 v1.22 LaTeX kernel commands for general use (HO)
)
\Gread@gobject=\count94
))
\Gin@req@height=\dimen103
\Gin@req@width=\dimen104
)
(/usr/share/texlive/texmf-dist/tex/latex/fancyhdr/fancyhdr.sty
\fancy@headwidth=\skip77
\f@ncyO@elh=\skip78
\f@ncyO@erh=\skip79
\f@ncyO@olh=\skip80
\f@ncyO@orh=\skip81
\f@ncyO@elf=\skip82
\f@ncyO@erf=\skip83
\f@ncyO@olf=\skip84
\f@ncyO@orf=\skip85
)
(/usr/share/texlive/texmf-dist/tex/latex/natbib/natbib.sty
Package: natbib 2010/09/13 8.31b (PWD, AO)
\bibhang=\skip86
\bibsep=\skip87
LaTeX Info: Redefining \cite on input line 694.
\c@NAT@ctr=\count95
)
(/usr/share/texlive/texmf-dist/tex/latex/float/float.sty
Package: float 2001/11/08 v1.3d Float enhancements (AL)
\c@float@type=\count96
\float@exts=\toks15
\float@box=\box26
\@float@everytoks=\toks16
\@floatcapt=\box27
)
(/usr/share/texlive/texmf-dist/tex/latex/pdfpages/pdfpages.sty
Package: pdfpages 2015/09/18 v0.5d Insert pages of external PDF documents (AM)

(/usr/share/texlive/texmf-dist/tex/latex/base/ifthen.sty
Package: ifthen 2014/09/29 v1.1c Standard LaTeX ifthen package (DPC)
)
(/usr/share/texlive/texmf-dist/tex/latex/tools/calc.sty
Package: calc 2014/10/28 v4.3 Infix arithmetic (KKT,FJ)
\calc@Acount=\count97
\calc@Bcount=\count98
\calc@Adimen=\dimen105
\calc@Bdimen=\dimen106
\calc@Askip=\skip88
\calc@Bskip=\skip89
LaTeX Info: Redefining \setlength on input line 80.
LaTeX Info: Redefining \addtolength on input line 81.
\calc@Ccount=\count99
\calc@Cskip=\skip90
)
(/usr/share/texlive/texmf-dist/tex/latex/eso-pic/eso-pic.sty
Package: eso-pic 2015/07/21 v2.0g eso-pic (RN)

(/usr/share/texlive/texmf-dist/tex/generic/oberdiek/atbegshi.sty
Package: atbegshi 2011/10/05 v1.16 At begin shipout hook (HO)

(/usr/share/texlive/texmf-dist/tex/generic/oberdiek/ifpdf.sty
Package: ifpdf 2011/01/30 v2.3 Provides the ifpdf switch (HO)
Package ifpdf Info: pdfTeX in PDF mode is detected.
))
(/usr/share/texlive/texmf-dist/tex/latex/xcolor/xcolor.sty
Package: xcolor 2007/01/21 v2.11 LaTeX color extensions (UK)

(/usr/share/texlive/texmf-dist/tex/latex/latexconfig/color.cfg
File: color.cfg 2007/01/18 v1.5 color configuration of teTeX/TeXLive
)
Package xcolor Info: Driver file: pdftex.def on input line 225.
Package xcolor Info: Model `cmy' substituted by `cmy0' on input line 1337.
Package xcolor Info: Model `hsb' substituted by `rgb' on input line 1341.
Package xcolor Info: Model `RGB' extended on input line 1353.
Package xcolor Info: Model `HTML' substituted by `rgb' on input line 1355.
Package xcolor Info: Model `Hsb' substituted by `hsb' on input line 1356.
Package xcolor Info: Model `tHsb' substituted by `hsb' on input line 1357.
Package xcolor Info: Model `HSB' substituted by `hsb' on input line 1358.
Package xcolor Info: Model `Gray' substituted by `gray' on input line 1359.
Package xcolor Info: Model `wave' substituted by `hsb' on input line 1360.
))
\AM@pagewidth=\dimen107
\AM@pageheight=\dimen108

(/usr/share/texlive/texmf-dist/tex/latex/pdfpages/pppdftex.def
File: pppdftex.def 2015/09/18 v0.5d Pdfpages driver for pdfTeX (AM)
)
\AM@pagebox=\box28
\AM@toc@title=\toks17
\c@AM@survey=\count100
\AM@templatesizebox=\box29
)
(/usr/share/texlive/texmf-dist/tex/latex/was/gensymb.sty
Package: gensymb 2003/07/02 v1.0 (WaS)
)
(/usr/share/texlive/texmf-dist/tex/latex/amsmath/amsmath.sty
Package: amsmath 2016/03/03 v2.15a AMS math features
\@mathmargin=\skip91

For additional information on amsmath, use the `?' option.
(/usr/share/texlive/texmf-dist/tex/latex/amsmath/amstext.sty
Package: amstext 2000/06/29 v2.01 AMS text

(/usr/share/texlive/texmf-dist/tex/latex/amsmath/amsgen.sty
File: amsgen.sty 1999/11/30 v2.0 generic functions
\@emptytoks=\toks18
\ex@=\dimen109
))
(/usr/share/texlive/texmf-dist/tex/latex/amsmath/amsbsy.sty
Package: amsbsy 1999/11/29 v1.2d Bold Symbols
\pmbraise@=\dimen110
)
(/usr/share/texlive/texmf-dist/tex/latex/amsmath/amsopn.sty
Package: amsopn 1999/12/14 v2.01 operator names
)
\inf@bad=\count101
LaTeX Info: Redefining \frac on input line 199.
\uproot@=\count102
\leftroot@=\count103
LaTeX Info: Redefining \overline on input line 297.
\classnum@=\count104
\DOTSCASE@=\count105
LaTeX Info: Redefining \ldots on input line 394.
LaTeX Info: Redefining \dots on input line 397.
LaTeX Info: Redefining \cdots on input line 518.
\Mathstrutbox@=\box30
\strutbox@=\box31
\big@size=\dimen111
LaTeX Font Info:    Redeclaring font encoding OML on input line 630.
LaTeX Font Info:    Redeclaring font encoding OMS on input line 631.
\macc@depth=\count106
\c@MaxMatrixCols=\count107
\dotsspace@=\muskip10
\c@parentequation=\count108
\dspbrk@lvl=\count109
\tag@help=\toks19
\row@=\count110
\column@=\count111
\maxfields@=\count112
\andhelp@=\toks20
\eqnshift@=\dimen112
\alignsep@=\dimen113
\tagshift@=\dimen114
\tagwidth@=\dimen115
\totwidth@=\dimen116
\lineht@=\dimen117
\@envbody=\toks21
\multlinegap=\skip92
\multlinetaggap=\skip93
\mathdisplay@stack=\toks22
LaTeX Info: Redefining \[ on input line 2735.
LaTeX Info: Redefining \] on input line 2736.
)
(/usr/share/texlive/texmf-dist/tex/latex/mathtools/mathtools.sty
Package: mathtools 2015/11/12 v1.18 mathematical typesetting tools

(/usr/share/texlive/texmf-dist/tex/latex/mathtools/mhsetup.sty
Package: mhsetup 2010/01/21 v1.2a programming setup (MH)
)
LaTeX Info: Thecontrolsequence`\('isalreadyrobust on input line 129.
LaTeX Info: Thecontrolsequence`\)'isalreadyrobust on input line 129.
LaTeX Info: Thecontrolsequence`\['isalreadyrobust on input line 129.
LaTeX Info: Thecontrolsequence`\]'isalreadyrobust on input line 129.
\g_MT_multlinerow_int=\count113
\l_MT_multwidth_dim=\dimen118
\origjot=\skip94
\l_MT_shortvdotswithinadjustabove_dim=\dimen119
\l_MT_shortvdotswithinadjustbelow_dim=\dimen120
\l_MT_above_intertext_sep=\dimen121
\l_MT_below_intertext_sep=\dimen122
\l_MT_above_shortintertext_sep=\dimen123
\l_MT_below_shortintertext_sep=\dimen124
)
(/usr/share/texlive/texmf-dist/tex/latex/wrapfig/wrapfig.sty
\wrapoverhang=\dimen125
\WF@size=\dimen126
\c@WF@wrappedlines=\count114
\WF@box=\box32
\WF@everypar=\toks23
Package: wrapfig 2003/01/31  v 3.6
)
(/usr/share/texlive/texmf-dist/tex/latex/tools/tabularx.sty
Package: tabularx 2014/10/28 v2.10 `tabularx' package (DPC)

(/usr/share/texlive/texmf-dist/tex/latex/tools/array.sty
Package: array 2014/10/28 v2.4c Tabular extension package (FMi)
\col@sep=\dimen127
\extrarowheight=\dimen128
\NC@list=\toks24
\extratabsurround=\skip95
\backup@length=\skip96
)
\TX@col@width=\dimen129
\TX@old@table=\dimen130
\TX@old@col=\dimen131
\TX@target=\dimen132
\TX@delta=\dimen133
\TX@cols=\count115
\TX@ftn=\toks25
)
(/usr/share/texlive/texmf-dist/tex/latex/sidecap/sidecap.sty
Package: sidecap 2003/06/06 v1.6f SideCap Package (RN/HjG)
\SC@BOXWD=\dimen134
\SC@CAPWD=\dimen135
\SC@tempdima=\dimen136
\SC@tempdimb=\dimen137
\c@SC@C=\count116
\SC@BOX=\box33
)
(/usr/share/texlive/texmf-dist/tex/latex/amsfonts/amssymb.sty
Package: amssymb 2013/01/14 v3.01 AMS font symbols

(/usr/share/texlive/texmf-dist/tex/latex/amsfonts/amsfonts.sty
Package: amsfonts 2013/01/14 v3.01 Basic AMSFonts support
\symAMSa=\mathgroup4
\symAMSb=\mathgroup5
LaTeX Font Info:    Overwriting math alphabet `\mathfrak' in version `bold'
(Font)                  U/euf/m/n --> U/euf/b/n on input line 106.
))
(/usr/share/texlive/texmf-dist/tex/latex/base/textcomp.sty
Package: textcomp 2005/09/27 v1.99g Standard LaTeX package
Package textcomp Info: Sub-encoding information:
(textcomp)               5 = only ISO-Adobe without \textcurrency
(textcomp)               4 = 5 + \texteuro
(textcomp)               3 = 4 + \textohm
(textcomp)               2 = 3 + \textestimated + \textcurrency
(textcomp)               1 = TS1 - \textcircled - \t
(textcomp)               0 = TS1 (full)
(textcomp)             Font families with sub-encoding setting implement
(textcomp)             only a restricted character set as indicated.
(textcomp)             Family '?' is the default used for unknown fonts.
(textcomp)             See the documentation for details.
Package textcomp Info: Setting ? sub-encoding to TS1/1 on input line 79.

(/usr/share/texlive/texmf-dist/tex/latex/base/ts1enc.def
File: ts1enc.def 2001/06/05 v3.0e (jk/car/fm) Standard LaTeX file
)
LaTeX Info: Redefining \oldstylenums on input line 334.
Package textcomp Info: Setting cmr sub-encoding to TS1/0 on input line 349.
Package textcomp Info: Setting cmss sub-encoding to TS1/0 on input line 350.
Package textcomp Info: Setting cmtt sub-encoding to TS1/0 on input line 351.
Package textcomp Info: Setting cmvtt sub-encoding to TS1/0 on input line 352.
Package textcomp Info: Setting cmbr sub-encoding to TS1/0 on input line 353.
Package textcomp Info: Setting cmtl sub-encoding to TS1/0 on input line 354.
Package textcomp Info: Setting ccr sub-encoding to TS1/0 on input line 355.
Package textcomp Info: Setting ptm sub-encoding to TS1/4 on input line 356.
Package textcomp Info: Setting pcr sub-encoding to TS1/4 on input line 357.
Package textcomp Info: Setting phv sub-encoding to TS1/4 on input line 358.
Package textcomp Info: Setting ppl sub-encoding to TS1/3 on input line 359.
Package textcomp Info: Setting pag sub-encoding to TS1/4 on input line 360.
Package textcomp Info: Setting pbk sub-encoding to TS1/4 on input line 361.
Package textcomp Info: Setting pnc sub-encoding to TS1/4 on input line 362.
Package textcomp Info: Setting pzc sub-encoding to TS1/4 on input line 363.
Package textcomp Info: Setting bch sub-encoding to TS1/4 on input line 364.
Package textcomp Info: Setting put sub-encoding to TS1/5 on input line 365.
Package textcomp Info: Setting uag sub-encoding to TS1/5 on input line 366.
Package textcomp Info: Setting ugq sub-encoding to TS1/5 on input line 367.
Package textcomp Info: Setting ul8 sub-encoding to TS1/4 on input line 368.
Package textcomp Info: Setting ul9 sub-encoding to TS1/4 on input line 369.
Package textcomp Info: Setting augie sub-encoding to TS1/5 on input line 370.
Package textcomp Info: Setting dayrom sub-encoding to TS1/3 on input line 371.
Package textcomp Info: Setting dayroms sub-encoding to TS1/3 on input line 372.

Package textcomp Info: Setting pxr sub-encoding to TS1/0 on input line 373.
Package textcomp Info: Setting pxss sub-encoding to TS1/0 on input line 374.
Package textcomp Info: Setting pxtt sub-encoding to TS1/0 on input line 375.
Package textcomp Info: Setting txr sub-encoding to TS1/0 on input line 376.
Package textcomp Info: Setting txss sub-encoding to TS1/0 on input line 377.
Package textcomp Info: Setting txtt sub-encoding to TS1/0 on input line 378.
Package textcomp Info: Setting lmr sub-encoding to TS1/0 on input line 379.
Package textcomp Info: Setting lmdh sub-encoding to TS1/0 on input line 380.
Package textcomp Info: Setting lmss sub-encoding to TS1/0 on input line 381.
Package textcomp Info: Setting lmssq sub-encoding to TS1/0 on input line 382.
Package textcomp Info: Setting lmvtt sub-encoding to TS1/0 on input line 383.
Package textcomp Info: Setting lmtt sub-encoding to TS1/0 on input line 384.
Package textcomp Info: Setting qhv sub-encoding to TS1/0 on input line 385.
Package textcomp Info: Setting qag sub-encoding to TS1/0 on input line 386.
Package textcomp Info: Setting qbk sub-encoding to TS1/0 on input line 387.
Package textcomp Info: Setting qcr sub-encoding to TS1/0 on input line 388.
Package textcomp Info: Setting qcs sub-encoding to TS1/0 on input line 389.
Package textcomp Info: Setting qpl sub-encoding to TS1/0 on input line 390.
Package textcomp Info: Setting qtm sub-encoding to TS1/0 on input line 391.
Package textcomp Info: Setting qzc sub-encoding to TS1/0 on input line 392.
Package textcomp Info: Setting qhvc sub-encoding to TS1/0 on input line 393.
Package textcomp Info: Setting futs sub-encoding to TS1/4 on input line 394.
Package textcomp Info: Setting futx sub-encoding to TS1/4 on input line 395.
Package textcomp Info: Setting futj sub-encoding to TS1/4 on input line 396.
Package textcomp Info: Setting hlh sub-encoding to TS1/3 on input line 397.
Package textcomp Info: Setting hls sub-encoding to TS1/3 on input line 398.
Package textcomp Info: Setting hlst sub-encoding to TS1/3 on input line 399.
Package textcomp Info: Setting hlct sub-encoding to TS1/5 on input line 400.
Package textcomp Info: Setting hlx sub-encoding to TS1/5 on input line 401.
Package textcomp Info: Setting hlce sub-encoding to TS1/5 on input line 402.
Package textcomp Info: Setting hlcn sub-encoding to TS1/5 on input line 403.
Package textcomp Info: Setting hlcw sub-encoding to TS1/5 on input line 404.
Package textcomp Info: Setting hlcf sub-encoding to TS1/5 on input line 405.
Package textcomp Info: Setting pplx sub-encoding to TS1/3 on input line 406.
Package textcomp Info: Setting pplj sub-encoding to TS1/3 on input line 407.
Package textcomp Info: Setting ptmx sub-encoding to TS1/4 on input line 408.
Package textcomp Info: Setting ptmj sub-encoding to TS1/4 on input line 409.
)
(/usr/share/texlive/texmf-dist/tex/latex/wasysym/wasysym.sty
Package: wasysym 2003/10/30 v2.0 Wasy-2 symbol support package
\symwasy=\mathgroup6
LaTeX Font Info:    Overwriting symbol font `wasy' in version `bold'
(Font)                  U/wasy/m/n --> U/wasy/b/n on input line 90.
)
(/usr/share/texlive/texmf-dist/tex/latex/rotating/rotating.sty
Package: rotating 2009/03/28 v2.16a rotated objects in LaTeX
\c@r@tfl@t=\count117
\rotFPtop=\skip97
\rotFPbot=\skip98
\rot@float@box=\box34
\rot@mess@toks=\toks26
)
(/usr/share/texlive/texmf-dist/tex/latex/hyperref/hyperref.sty
Package: hyperref 2012/11/06 v6.83m Hypertext links for LaTeX

(/usr/share/texlive/texmf-dist/tex/generic/oberdiek/hobsub-hyperref.sty
Package: hobsub-hyperref 2012/05/28 v1.13 Bundle oberdiek, subset hyperref (HO)


(/usr/share/texlive/texmf-dist/tex/generic/oberdiek/hobsub-generic.sty
Package: hobsub-generic 2012/05/28 v1.13 Bundle oberdiek, subset generic (HO)
Package: hobsub 2012/05/28 v1.13 Construct package bundles (HO)
Package hobsub Info: Skipping package `infwarerr' (already loaded).
Package hobsub Info: Skipping package `ltxcmds' (already loaded).
Package: ifluatex 2010/03/01 v1.3 Provides the ifluatex switch (HO)
Package ifluatex Info: LuaTeX not detected.
Package: ifvtex 2010/03/01 v1.5 Detect VTeX and its facilities (HO)
Package ifvtex Info: VTeX not detected.
Package: intcalc 2007/09/27 v1.1 Expandable calculations with integers (HO)
Package hobsub Info: Skipping package `ifpdf' (already loaded).
Package: etexcmds 2011/02/16 v1.5 Avoid name clashes with e-TeX commands (HO)
Package etexcmds Info: Could not find \expanded.
(etexcmds)             That can mean that you are not using pdfTeX 1.50 or
(etexcmds)             that some package has redefined \expanded.
(etexcmds)             In the latter case, load this package earlier.
Package: kvsetkeys 2012/04/25 v1.16 Key value parser (HO)
Package: kvdefinekeys 2011/04/07 v1.3 Define keys (HO)
Package: pdftexcmds 2011/11/29 v0.20 Utility functions of pdfTeX for LuaTeX (HO
)
Package pdftexcmds Info: LuaTeX not detected.
Package pdftexcmds Info: \pdf@primitive is available.
Package pdftexcmds Info: \pdf@ifprimitive is available.
Package pdftexcmds Info: \pdfdraftmode found.
Package: pdfescape 2011/11/25 v1.13 Implements pdfTeX's escape features (HO)
Package: bigintcalc 2012/04/08 v1.3 Expandable calculations on big integers (HO
)
Package: bitset 2011/01/30 v1.1 Handle bit-vector datatype (HO)
Package: uniquecounter 2011/01/30 v1.2 Provide unlimited unique counter (HO)
)
Package hobsub Info: Skipping package `hobsub' (already loaded).
Package: letltxmacro 2010/09/02 v1.4 Let assignment for LaTeX macros (HO)
Package: hopatch 2012/05/28 v1.2 Wrapper for package hooks (HO)
Package: xcolor-patch 2011/01/30 xcolor patch
Package: atveryend 2011/06/30 v1.8 Hooks at the very end of document (HO)
Package atveryend Info: \enddocument detected (standard20110627).
Package hobsub Info: Skipping package `atbegshi' (already loaded).
Package: refcount 2011/10/16 v3.4 Data extraction from label references (HO)
Package: hycolor 2011/01/30 v1.7 Color options for hyperref/bookmark (HO)
)
(/usr/share/texlive/texmf-dist/tex/generic/ifxetex/ifxetex.sty
Package: ifxetex 2010/09/12 v0.6 Provides ifxetex conditional
)
(/usr/share/texlive/texmf-dist/tex/latex/oberdiek/auxhook.sty
Package: auxhook 2011/03/04 v1.3 Hooks for auxiliary files (HO)
)
(/usr/share/texlive/texmf-dist/tex/latex/oberdiek/kvoptions.sty
Package: kvoptions 2011/06/30 v3.11 Key value format for package options (HO)
)
\@linkdim=\dimen138
\Hy@linkcounter=\count118
\Hy@pagecounter=\count119

(/usr/share/texlive/texmf-dist/tex/latex/hyperref/pd1enc.def
File: pd1enc.def 2012/11/06 v6.83m Hyperref: PDFDocEncoding definition (HO)
)
\Hy@SavedSpaceFactor=\count120

(/usr/share/texlive/texmf-dist/tex/latex/latexconfig/hyperref.cfg
File: hyperref.cfg 2002/06/06 v1.2 hyperref configuration of TeXLive
)
Package hyperref Info: Hyper figures OFF on input line 4443.
Package hyperref Info: Link nesting OFF on input line 4448.
Package hyperref Info: Hyper index ON on input line 4451.
Package hyperref Info: Plain pages OFF on input line 4458.
Package hyperref Info: Backreferencing OFF on input line 4463.
Package hyperref Info: Implicit mode ON; LaTeX internals redefined.
Package hyperref Info: Bookmarks ON on input line 4688.
\c@Hy@tempcnt=\count121

(/usr/share/texlive/texmf-dist/tex/latex/url/url.sty
\Urlmuskip=\muskip11
Package: url 2013/09/16  ver 3.4  Verb mode for urls, etc.
)
LaTeX Info: Redefining \url on input line 5041.
\XeTeXLinkMargin=\dimen139
\Fld@menulength=\count122
\Field@Width=\dimen140
\Fld@charsize=\dimen141
Package hyperref Info: Hyper figures OFF on input line 6295.
Package hyperref Info: Link nesting OFF on input line 6300.
Package hyperref Info: Hyper index ON on input line 6303.
Package hyperref Info: backreferencing OFF on input line 6310.
Package hyperref Info: Link coloring OFF on input line 6315.
Package hyperref Info: Link coloring with OCG OFF on input line 6320.
Package hyperref Info: PDF/A mode OFF on input line 6325.
LaTeX Info: Redefining \ref on input line 6365.
LaTeX Info: Redefining \pageref on input line 6369.
\Hy@abspage=\count123
\c@Item=\count124
\c@Hfootnote=\count125
)

Package hyperref Message: Driver (autodetected): hpdftex.

(/usr/share/texlive/texmf-dist/tex/latex/hyperref/hpdftex.def
File: hpdftex.def 2012/11/06 v6.83m Hyperref driver for pdfTeX
\Fld@listcount=\count126
\c@bookmark@seq@number=\count127

(/usr/share/texlive/texmf-dist/tex/latex/oberdiek/rerunfilecheck.sty
Package: rerunfilecheck 2011/04/15 v1.7 Rerun checks for auxiliary files (HO)
Package uniquecounter Info: New unique counter `rerunfilecheck' on input line 2
82.
)
\Hy@SectionHShift=\skip99
)
(/usr/share/texlive/texmf-dist/tex/latex/l3packages/xfrac/xfrac.sty
(/usr/share/texlive/texmf-dist/tex/latex/l3kernel/expl3.sty
Package: expl3 2016/01/19 v6377 L3 programming layer (loader) 

(/usr/share/texlive/texmf-dist/tex/latex/l3kernel/expl3-code.tex
Package: expl3 2016/01/19 v6377 L3 programming layer (code)
L3 Module: l3bootstrap 2016/01/01 v6339 L3 Bootstrap code
L3 Module: l3names 2015/12/21 v6328 L3 Namespace for primitives
L3 Module: l3basics 2015/11/22 v6315 L3 Basic definitions
L3 Module: l3expan 2015/09/10 v5983 L3 Argument expansion
L3 Module: l3tl 2015/09/29 v6121 L3 Token lists
L3 Module: l3str 2016/01/03 v6357 L3 Strings
L3 Module: l3seq 2015/08/05 v5777 L3 Sequences and stacks
L3 Module: l3int 2016/01/05 v6366 L3 Integers
\c_max_int=\count128
\l_tmpa_int=\count129
\l_tmpb_int=\count130
\g_tmpa_int=\count131
\g_tmpb_int=\count132
L3 Module: l3quark 2015/08/17 v5855 L3 Quarks
L3 Module: l3prg 2015/11/01 v6216 L3 Control structures
\g__prg_map_int=\count133
L3 Module: l3clist 2015/09/02 v5901 L3 Comma separated lists
L3 Module: l3token 2015/11/11 v6249 L3 Experimental token manipulation
L3 Module: l3prop 2016/01/05 v6366 L3 Property lists
L3 Module: l3msg 2015/09/28 v6113 L3 Messages
L3 Module: l3file 2015/12/03 v6317 L3 File and I/O operations
\l_iow_line_count_int=\count134
\l__iow_target_count_int=\count135
\l__iow_current_line_int=\count136
\l__iow_current_word_int=\count137
\l__iow_current_indentation_int=\count138
L3 Module: l3skip 2016/01/05 v6366 L3 Dimensions and skips
\c_zero_dim=\dimen142
\c_max_dim=\dimen143
\l_tmpa_dim=\dimen144
\l_tmpb_dim=\dimen145
\g_tmpa_dim=\dimen146
\g_tmpb_dim=\dimen147
\c_zero_skip=\skip100
\c_max_skip=\skip101
\l_tmpa_skip=\skip102
\l_tmpb_skip=\skip103
\g_tmpa_skip=\skip104
\g_tmpb_skip=\skip105
\c_zero_muskip=\muskip12
\c_max_muskip=\muskip13
\l_tmpa_muskip=\muskip14
\l_tmpb_muskip=\muskip15
\g_tmpa_muskip=\muskip16
\g_tmpb_muskip=\muskip17
L3 Module: l3keys 2015/11/17 v6284 L3 Key-value interfaces
\g__keyval_level_int=\count139
\l_keys_choice_int=\count140
L3 Module: l3fp 2015/08/25 v5890 L3 Floating points
\c__fp_leading_shift_int=\count141
\c__fp_middle_shift_int=\count142
\c__fp_trailing_shift_int=\count143
\c__fp_big_leading_shift_int=\count144
\c__fp_big_middle_shift_int=\count145
\c__fp_big_trailing_shift_int=\count146
\c__fp_Bigg_leading_shift_int=\count147
\c__fp_Bigg_middle_shift_int=\count148
\c__fp_Bigg_trailing_shift_int=\count149
L3 Module: l3box 2015/08/09 v5822 L3 Experimental boxes
\c_empty_box=\box35
\l_tmpa_box=\box36
\l_tmpb_box=\box37
\g_tmpa_box=\box38
\g_tmpb_box=\box39
L3 Module: l3coffins 2015/08/06 v5789 L3 Coffin code layer
\l__coffin_internal_box=\box40
\l__coffin_internal_dim=\dimen148
\l__coffin_offset_x_dim=\dimen149
\l__coffin_offset_y_dim=\dimen150
\l__coffin_x_dim=\dimen151
\l__coffin_y_dim=\dimen152
\l__coffin_x_prime_dim=\dimen153
\l__coffin_y_prime_dim=\dimen154
\c_empty_coffin=\box41
\l__coffin_aligned_coffin=\box42
\l__coffin_aligned_internal_coffin=\box43
\l_tmpa_coffin=\box44
\l_tmpb_coffin=\box45
\l__coffin_display_coffin=\box46
\l__coffin_display_coord_coffin=\box47
\l__coffin_display_pole_coffin=\box48
\l__coffin_display_offset_dim=\dimen155
\l__coffin_display_x_dim=\dimen156
\l__coffin_display_y_dim=\dimen157
L3 Module: l3color 2014/08/23 v5354 L3 Experimental color support
L3 Module: l3sys 2015/09/25 v6087 L3 Experimental system/runtime functions
L3 Module: l3candidates 2016/01/14 v6376 L3 Experimental additions to l3kernel
\l__box_top_dim=\dimen158
\l__box_bottom_dim=\dimen159
\l__box_left_dim=\dimen160
\l__box_right_dim=\dimen161
\l__box_top_new_dim=\dimen162
\l__box_bottom_new_dim=\dimen163
\l__box_left_new_dim=\dimen164
\l__box_right_new_dim=\dimen165
\l__box_internal_box=\box49
\l__coffin_bounding_shift_dim=\dimen166
\l__coffin_left_corner_dim=\dimen167
\l__coffin_right_corner_dim=\dimen168
\l__coffin_bottom_corner_dim=\dimen169
\l__coffin_top_corner_dim=\dimen170
\l__coffin_scaled_total_height_dim=\dimen171
\l__coffin_scaled_width_dim=\dimen172
L3 Module: l3luatex 2015/11/11 v6250 L3 Experimental LuaTeX-specific functions
)
(/usr/share/texlive/texmf-dist/tex/latex/l3kernel/l3pdfmode.def
File: l3pdfmode.def 2015/11/11 v6250 L3 Experimental driver: PDF mode
\l__driver_color_stack_int=\count150
))
(/usr/share/texlive/texmf-dist/tex/latex/l3packages/l3keys2e/l3keys2e.sty
Package: l3keys2e 2016/01/19 v6377 LaTeX2e option processing using LaTeX3 keys
)
(/usr/share/texlive/texmf-dist/tex/latex/l3packages/xparse/xparse.sty
Package: xparse 2016/01/19 v6377 L3 Experimental document command parser
\l__xparse_current_arg_int=\count151
\l__xparse_m_args_int=\count152
\l__xparse_mandatory_args_int=\count153
\l__xparse_processor_int=\count154
\l__xparse_v_nesting_int=\count155
)
(/usr/share/texlive/texmf-dist/tex/latex/l3packages/xtemplate/xtemplate.sty
Package: xtemplate 2016/01/19 v6377 L3 Experimental prototype document function
s
\l__xtemplate_tmp_dim=\dimen173
\l__xtemplate_tmp_int=\count156
\l__xtemplate_tmp_muskip=\muskip18
\l__xtemplate_tmp_skip=\skip106
)
Package: xfrac 2016/01/19 v6377 L3 Experimental split-level fractions
\l__xfrac_slash_box=\box50
\l__xfrac_tmp_box=\box51
\l__xfrac_denominator_bot_sep_dim=\dimen174
\l__xfrac_numerator_bot_sep_dim=\dimen175
\l__xfrac_numerator_top_sep_dim=\dimen176
\l__xfrac_slash_left_sep_dim=\dimen177
\l__xfrac_slash_right_sep_dim=\dimen178
\l__xfrac_slash_left_muskip=\muskip19
\l__xfrac_slash_right_muskip=\muskip20
.................................................
. xtemplate info: "declare-object-type"
. 
. Declaring object type 'xfrac' taking 3 argument(s) on line 111.
.................................................
.................................................
. LaTeX info: "xparse/define-command"
. 
. Defining command \sfrac with sig. 'omom' on line 451.
.................................................
)
(/usr/share/texlive/texmf-dist/tex/latex/setspace/setspace.sty
Package: setspace 2011/12/19 v6.7a set line spacing
)
(/usr/share/texlive/texmf-dist/tex/latex/caption/caption.sty
Package: caption 2016/02/21 v3.3-144 Customizing captions (AR)

(/usr/share/texlive/texmf-dist/tex/latex/caption/caption3.sty
Package: caption3 2016/02/04 v1.7-139 caption3 kernel (AR)
Package caption3 Info: TeX engine: e-TeX on input line 67.
\captionmargin=\dimen179
\captionmargin@=\dimen180
\captionwidth=\dimen181
\caption@tempdima=\dimen182
\caption@indent=\dimen183
\caption@parindent=\dimen184
\caption@hangindent=\dimen185
)
\c@ContinuedFloat=\count157
Package caption Info: float package is loaded.
Package caption Info: hyperref package is loaded.
Package caption Info: rotating package is loaded.
Package caption Info: sidecap package is loaded.
Package caption Info: wrapfig package is loaded.
)
(/usr/share/texlive/texmf-dist/tex/latex/lineno/lineno.sty
Package: lineno 2005/11/02 line numbers on paragraphs v4.41
\linenopenalty=\count158
\output=\toks27
\linenoprevgraf=\count159
\linenumbersep=\dimen186
\linenumberwidth=\dimen187
\c@linenumber=\count160
\c@pagewiselinenumber=\count161
\c@LN@truepage=\count162
\c@internallinenumber=\count163
\c@internallinenumbers=\count164
\quotelinenumbersep=\dimen188
\bframerule=\dimen189
\bframesep=\dimen190
\bframebox=\box52
LaTeX Info: Redefining \\ on input line 3056.
)
(/usr/share/texlive/texmf-dist/tex/latex/fancyref/fancyref.sty
Package: fancyref 1999/02/03 v0.9c Fancy cross-referencing

(/usr/share/texlive/texmf-dist/tex/latex/tools/varioref.sty
Package: varioref 2015/09/22 v1.5b package for extended references (FMi)
\c@vrcnt=\count165
))
(/usr/share/texlive/texmf-dist/tex/latex/subfig/subfig.sty
Package: subfig 2005/06/28 ver: 1.3 subfig package
\c@KVtest=\count166
\sf@farskip=\skip107
\sf@captopadj=\dimen191
\sf@capskip=\skip108
\sf@nearskip=\skip109
\c@subfigure=\count167
\c@subfigure@save=\count168
\c@subtable=\count169
\c@subtable@save=\count170
\sf@top=\skip110
\sf@bottom=\skip111
)
(/usr/share/texlive/texmf-dist/tex/generic/ulem/ulem.sty
\UL@box=\box53
\UL@hyphenbox=\box54
\UL@skip=\skip112
\UL@hook=\toks28
\UL@height=\dimen192
\UL@pe=\count171
\UL@pixel=\dimen193
\ULC@box=\box55
Package: ulem 2012/05/18
\ULdepth=\dimen194
)
(/usr/share/texlive/texmf-dist/tex/latex/cancel/cancel.sty
Package: cancel 2013/04/12 v2.2 Cancel math terms
)
(/usr/share/texlive/texmf-dist/tex/latex/multirow/multirow.sty
\bigstrutjot=\dimen195
)
(/usr/share/texlive/texmf-dist/tex/latex/cleveref/cleveref.sty
Package: cleveref 2013/12/28 v0.19 Intelligent cross-referencing
Package cleveref Info: `hyperref' support loaded on input line 2230.
LaTeX Info: Redefining \cref on input line 2230.
LaTeX Info: Redefining \Cref on input line 2230.
LaTeX Info: Redefining \crefrange on input line 2230.
LaTeX Info: Redefining \Crefrange on input line 2230.
LaTeX Info: Redefining \cpageref on input line 2230.
LaTeX Info: Redefining \Cpageref on input line 2230.
LaTeX Info: Redefining \cpagerefrange on input line 2230.
LaTeX Info: Redefining \Cpagerefrange on input line 2230.
LaTeX Info: Redefining \labelcref on input line 2230.
LaTeX Info: Redefining \labelcpageref on input line 2230.
Package cleveref Info: `varioref' support loaded on input line 2453.
Package cleveref Info: `cleveref' supersedes `varioref's \labelformatcommand on
 input line 2453.
LaTeX Info: Redefining \vref on input line 2453.
LaTeX Info: Redefining \Vref on input line 2453.
LaTeX Info: Redefining \vrefrange on input line 2453.
LaTeX Info: Redefining \fullref on input line 2453.
Package cleveref Info: `subfig' support loaded on input line 2983.
)
(/usr/share/texlive/texmf-dist/tex/latex/oberdiek/pdflscape.sty
Package: pdflscape 2008/08/11 v0.10 Display of landscape pages in PDF (HO)

(/usr/share/texlive/texmf-dist/tex/latex/graphics/lscape.sty
Package: lscape 2000/10/22 v3.01 Landscape Pages (DPC)
)
Package pdflscape Info: Auto-detected driver: pdftex on input line 80.
)
(/usr/share/texlive/texmf-dist/tex/generic/babel/babel.sty
Package: babel 2016/02/24 3.9q The Babel package

(/usr/share/texlive/texmf-dist/tex/generic/babel-english/english.ldf
Language: english 2012/08/20 v3.3p English support from the babel system

(/usr/share/texlive/texmf-dist/tex/generic/babel/babel.def
File: babel.def 2016/02/24 3.9q Babel common definitions
\babel@savecnt=\count172
\U@D=\dimen196
)
\l@canadian = a dialect from \language\l@american 
\l@australian = a dialect from \language\l@british 
\l@newzealand = a dialect from \language\l@british 
))
(/usr/share/texlive/texmf-dist/tex/latex/enumitem/enumitem.sty
Package: enumitem 2011/09/28 v3.5.2 Customized lists
\labelindent=\skip113
\enit@outerparindent=\dimen197
\enit@toks=\toks29
\enit@inbox=\box56
\enitdp@description=\count173
)
(/usr/share/texlive/texmf-dist/tex/latex/pbox/pbox.sty
Package: pbox 2011/12/07 v1.2 Dynamic parboxes
\pb@xlen=\skip114
)
(/usr/share/texlive/texmf-dist/tex/latex/siunitx/siunitx.sty
Package: siunitx 2016/03/01 v2.6q A comprehensive (SI) units package
\l__siunitx_tmp_box=\box57
\l__siunitx_tmp_dim=\dimen198
\l__siunitx_tmp_int=\count174
\l__siunitx_number_mantissa_length_int=\count175
\l__siunitx_number_uncert_length_int=\count176
\l__siunitx_round_int=\count177
\l__siunitx_process_decimal_int=\count178
\l__siunitx_process_uncertainty_int=\count179
\l__siunitx_process_fixed_int=\count180
\l__siunitx_process_integer_min_int=\count181
\l__siunitx_process_precision_int=\count182
\l__siunitx_group_min_int=\count183
\l__siunitx_angle_marker_box=\box58
\l__siunitx_angle_unit_box=\box59
\l__siunitx_angle_marker_dim=\dimen199
\l__siunitx_angle_unit_dim=\dimen256
\l__siunitx_unit_int=\count184
\l__siunitx_unit_denominator_int=\count185
\l__siunitx_unit_numerator_int=\count186
\l__siunitx_unit_prefix_int=\count187
\l__siunitx_unit_prefix_base_int=\count188
\l__siunitx_unit_prefix_gram_int=\count189
\l__siunitx_number_product_int=\count190
\c__siunitx_one_fill_skip=\skip115
\l__siunitx_table_unit_align_skip=\skip116
\l__siunitx_table_exponent_dim=\dimen257
\l__siunitx_table_integer_dim=\dimen258
\l__siunitx_table_mantissa_dim=\dimen259
\l__siunitx_table_marker_dim=\dimen260
\l__siunitx_table_result_dim=\dimen261
\l__siunitx_table_uncert_dim=\dimen262
\l__siunitx_table_fill_pre_dim=\dimen263
\l__siunitx_table_fill_post_dim=\dimen264
\l__siunitx_table_fill_mid_dim=\dimen265
\l__siunitx_table_pre_box=\box60
\l__siunitx_table_post_box=\box61
\l__siunitx_table_mantissa_box=\box62
\l__siunitx_table_result_box=\box63
\l__siunitx_table_number_align_skip=\skip117
\l__siunitx_table_text_align_skip=\skip118
.................................................
. LaTeX info: "xparse/define-command"
. 
. Defining command \DeclareBinaryPrefix with sig. 'mmm' on line 7218.
.................................................
.................................................
. LaTeX info: "xparse/define-command"
. 
. Defining command \DeclareSIPostPower with sig. 'mm' on line 7221.
.................................................
.................................................
. LaTeX info: "xparse/define-command"
. 
. Defining command \DeclareSIPrefix with sig. 'mmm' on line 7224.
.................................................
.................................................
. LaTeX info: "xparse/define-command"
. 
. Defining command \DeclareSIPrePower with sig. 'mm' on line 7227.
.................................................
.................................................
. LaTeX info: "xparse/define-command"
. 
. Defining command \DeclareSIQualifier with sig. 'mm' on line 7230.
.................................................
.................................................
. LaTeX info: "xparse/define-command"
. 
. Defining command \DeclareSIUnit with sig. 'O{}mm' on line 7233.
.................................................
.................................................
. LaTeX info: "xparse/define-command"
. 
. Defining command \DeclareSIUnitWithOptions with sig. 'mmm' on line 7236.
.................................................
.................................................
. LaTeX info: "xparse/define-command"
. 
. Defining command \ang with sig. 'o>{\SplitArgument {2}{;}}m' on line 7251.
.................................................
.................................................
. LaTeX info: "xparse/define-command"
. 
. Defining command \num with sig. 'om' on line 7260.
.................................................
.................................................
. LaTeX info: "xparse/define-command"
. 
. Defining command \numlist with sig. 'o>{\SplitList {;}}m' on line 7269.
.................................................
.................................................
. LaTeX info: "xparse/define-command"
. 
. Defining command \numrange with sig. 'omm' on line 7278.
.................................................
.................................................
. LaTeX info: "xparse/define-command"
. 
. Defining command \SIlist with sig. 'o>{\SplitList {;}}mm' on line 7290.
.................................................
.................................................
. LaTeX info: "xparse/define-command"
. 
. Defining command \SIrange with sig. 'ommm' on line 7302.
.................................................
.................................................
. LaTeX info: "xparse/define-command"
. 
. Defining command \SI with sig. 'omom' on line 7314.
.................................................
.................................................
. LaTeX info: "xparse/define-command"
. 
. Defining command \sisetup with sig. 'm' on line 7317.
.................................................
.................................................
. LaTeX info: "xparse/define-command"
. 
. Defining command \tablenum with sig. 'om' on line 7332.
.................................................
.................................................
. LaTeX info: "xparse/define-command"
. 
. Defining command \si with sig. 'om' on line 7344.
.................................................
.................................................
. LaTeX info: "xparse/define-command"
. 
. Defining command \__siunitx_bookmark_num:w with sig. 'om' on line 7391.
.................................................
.................................................
. LaTeX info: "xparse/define-command"
. 
. Defining command \__siunitx_bookmark_numrange:w with sig. 'omm' on line
. 7393.
.................................................
.................................................
. LaTeX info: "xparse/define-command"
. 
. Defining command \__siunitx_bookmark_SI:w with sig. 'omom' on line 7395.
.................................................
.................................................
. LaTeX info: "xparse/define-command"
. 
. Defining command \__siunitx_bookmark_SIlist:w with sig. 'omm' on line 7397.
.................................................
.................................................
. LaTeX info: "xparse/define-command"
. 
. Defining command \__siunitx_bookmark_SIrange:w with sig. 'ommm' on line
. 7399.
.................................................
.................................................
. LaTeX info: "xparse/define-command"
. 
. Defining command \__siunitx_bookmark_si:w with sig. 'om' on line 7400.
.................................................
\g__file_internal_ior=\read1

(/usr/share/texlive/texmf-dist/tex/latex/beamer/translator/translator.sty
Package: translator 2010/06/12 ver 1.10

(/usr/share/texlive/texmf-dist/tex/latex/beamer/translator/translator-language-
mappings.tex)))
\enitdp@abbrv=\count191
 (/usr/share/texlive/texmf-dist/tex/latex/geometry/geometry.sty
Package: geometry 2010/09/12 v5.6 Page Geometry
\Gm@cnth=\count192
\Gm@cntv=\count193
\c@Gm@tempcnt=\count194
\Gm@bindingoffset=\dimen266
\Gm@wd@mp=\dimen267
\Gm@odd@mp=\dimen268
\Gm@even@mp=\dimen269
\Gm@layoutwidth=\dimen270
\Gm@layoutheight=\dimen271
\Gm@layouthoffset=\dimen272
\Gm@layoutvoffset=\dimen273
\Gm@dimlist=\toks30
) (/usr/share/texlive/texmf-dist/tex/latex/listings/listings.sty
\lst@mode=\count195
\lst@gtempboxa=\box64
\lst@token=\toks31
\lst@length=\count196
\lst@currlwidth=\dimen274
\lst@column=\count197
\lst@pos=\count198
\lst@lostspace=\dimen275
\lst@width=\dimen276
\lst@newlines=\count199
\lst@lineno=\count266
\lst@maxwidth=\dimen277

(/usr/share/texlive/texmf-dist/tex/latex/listings/lstmisc.sty
File: lstmisc.sty 2015/06/04 1.6 (Carsten Heinz)
\c@lstnumber=\count267
\lst@skipnumbers=\count268
\lst@framebox=\box65
)
(/usr/share/texlive/texmf-dist/tex/latex/listings/listings.cfg
File: listings.cfg 2015/06/04 1.6 listings configuration
))
Package: listings 2015/06/04 1.6 (Carsten Heinz)

(/usr/share/texlive/texmf-dist/tex/latex/listings/lstlang1.sty
File: lstlang1.sty 2015/06/04 1.6 listings language file
)
(/usr/share/texlive/texmf-dist/tex/latex/listings/lstlang1.sty
File: lstlang1.sty 2015/06/04 1.6 listings language file
)
(/usr/share/texlive/texmf-dist/tex/latex/glossaries/base/glossaries.sty
Package: glossaries 2016/01/24 v4.21 (NLCT)

(/usr/share/texlive/texmf-dist/tex/latex/xkeyval/xkeyval.sty
Package: xkeyval 2014/12/03 v2.7a package option processing (HA)

(/usr/share/texlive/texmf-dist/tex/generic/xkeyval/xkeyval.tex
(/usr/share/texlive/texmf-dist/tex/generic/xkeyval/xkvutils.tex
\XKV@toks=\toks32
\XKV@tempa@toks=\toks33
)
\XKV@depth=\count269
File: xkeyval.tex 2014/12/03 v2.7a key=value parser (HA)
))
(/usr/share/texlive/texmf-dist/tex/latex/mfirstuc/mfirstuc.sty
Package: mfirstuc 2015/12/17 v2.02 (NLCT)

(/usr/share/texlive/texmf-dist/tex/latex/etoolbox/etoolbox.sty
Package: etoolbox 2015/08/02 v2.2a e-TeX tools for LaTeX (JAW)
\etb@tempcnta=\count270
)
\@glsmfirst=\toks34
\@glsmrest=\toks35
)
(/usr/share/texlive/texmf-dist/tex/latex/textcase/textcase.sty
Package: textcase 2004/10/07 v0.07 Text only upper/lower case changing (DPC)
)
(/usr/share/texlive/texmf-dist/tex/latex/xfor/xfor.sty
Package: xfor 2009/02/05 v1.05 (NLCT)
)
(/usr/share/texlive/texmf-dist/tex/latex/datatool/datatool-base.sty
Package: datatool-base 2016/01/18 v2.25 (NLCT)

(/usr/share/texlive/texmf-dist/tex/latex/substr/substr.sty
Package: substr 2009/10/20 v1.2 Handle substrings
\c@su@anzahl=\count271
)
(/usr/share/texlive/texmf-dist/tex/latex/datatool/datatool-fp.sty
Package: datatool-fp 2016/01/18 v2.25 (NLCT)

(/usr/share/texlive/texmf-dist/tex/latex/fp/fp.sty
Package: fp 1995/04/02

`Fixed Point Package', Version 0.8, April 2, 1995 (C) Michael Mehlich
(/usr/share/texlive/texmf-dist/tex/latex/fp/defpattern.sty
Package: defpattern 1994/10/12
\actioncount=\count272
)
(/usr/share/texlive/texmf-dist/tex/latex/fp/fp-basic.sty
Package: fp-basic 1996/05/13
\FP@xs=\count273
\FP@xia=\count274
\FP@xib=\count275
\FP@xfa=\count276
\FP@xfb=\count277
\FP@rega=\count278
\FP@regb=\count279
\FP@regs=\count280
\FP@times=\count281
)
(/usr/share/texlive/texmf-dist/tex/latex/fp/fp-addons.sty
Package: fp-addons 1995/03/15
)
(/usr/share/texlive/texmf-dist/tex/latex/fp/fp-snap.sty
Package: fp-snap 1995/04/05
)
(/usr/share/texlive/texmf-dist/tex/latex/fp/fp-exp.sty
Package: fp-exp 1995/04/03
)
(/usr/share/texlive/texmf-dist/tex/latex/fp/fp-trigo.sty
Package: fp-trigo 1995/04/14
)
(/usr/share/texlive/texmf-dist/tex/latex/fp/fp-pas.sty
Package: fp-pas 1994/08/29
)
(/usr/share/texlive/texmf-dist/tex/latex/fp/fp-random.sty
Package: fp-random 1995/02/23
\FPseed=\count282
)
(/usr/share/texlive/texmf-dist/tex/latex/fp/fp-eqn.sty
Package: fp-eqn 1995/04/03
)
(/usr/share/texlive/texmf-dist/tex/latex/fp/fp-upn.sty
Package: fp-upn 1996/10/21
)
(/usr/share/texlive/texmf-dist/tex/latex/fp/fp-eval.sty
Package: fp-eval 1995/04/03
)))
\@dtl@toks=\toks36
\@dtl@tmpcount=\count283
\dtl@tmplength=\skip119
\dtl@sortresult=\count284
\@dtl@numgrpsepcount=\count285
\@dtl@datatype=\count286
\dtl@codeA=\count287
\dtl@codeB=\count288
\@dtl@foreach@level=\count289
)
(/usr/share/texlive/texmf-dist/tex/latex/glossaries/base/glossaries-compatible-
307.sty
Package: glossaries-compatible-307 2016/01/24 v4.21 (NLCT)
) (/usr/share/texlive/texmf-dist/tex/latex/tracklang/tracklang.sty
Package: tracklang 2015/03/23 v1.2 (NLCT) Track Languages

(/usr/share/texlive/texmf-dist/tex/generic/tracklang/tracklang.tex))
(/usr/share/texlive/texmf-dist/tex/latex/glossaries-english/glossaries-english.
ldf
File: glossaries-english.ldf 2014/11/23 v1.0
)
\gls@level=\count290
\@gls@tmpb=\toks37
\gls@tmplen=\skip120
\glskeylisttok=\toks38
\glslabeltok=\toks39
\glsshorttok=\toks40
\glslongtok=\toks41

(/usr/share/texlive/texmf-dist/tex/latex/glossaries/styles/glossary-hypernav.st
y
Package: glossary-hypernav 2016/01/24 v4.21 (NLCT)
) (/usr/share/texlive/texmf-dist/tex/latex/glossaries/styles/glossary-list.sty
Package: glossary-list 2016/01/24 v4.21 (NLCT)
\glslistdottedwidth=\skip121
) (/usr/share/texlive/texmf-dist/tex/latex/glossaries/styles/glossary-long.sty
Package: glossary-long 2016/01/24 v4.21 (NLCT)

(/usr/share/texlive/texmf-dist/tex/latex/tools/longtable.sty
Package: longtable 2014/10/28 v4.11 Multi-page Table package (DPC)
\LTleft=\skip122
\LTright=\skip123
\LTpre=\skip124
\LTpost=\skip125
\LTchunksize=\count291
\LTcapwidth=\dimen278
\LT@head=\box66
\LT@firsthead=\box67
\LT@foot=\box68
\LT@lastfoot=\box69
\LT@cols=\count292
\LT@rows=\count293
\c@LT@tables=\count294
\c@LT@chunks=\count295
\LT@p@ftn=\toks42
)
\glsdescwidth=\skip126
\glspagelistwidth=\skip127
)
(/usr/share/texlive/texmf-dist/tex/latex/glossaries/styles/glossary-super.sty
Package: glossary-super 2016/01/24 v4.21 (NLCT)

(/usr/share/texlive/texmf-dist/tex/latex/supertabular/supertabular.sty
Package: supertabular 2004/02/20 v4.1e the supertabular environment
\c@tracingst=\count296
\ST@wd=\dimen279
\ST@rightskip=\skip128
\ST@leftskip=\skip129
\ST@parfillskip=\skip130
\ST@pageleft=\dimen280
\ST@headht=\dimen281
\ST@tailht=\dimen282
\ST@pagesofar=\dimen283
\ST@pboxht=\dimen284
\ST@lineht=\dimen285
\ST@stretchht=\dimen286
\ST@prevht=\dimen287
\ST@toadd=\dimen288
\ST@dimen=\dimen289
\ST@pbox=\box70
))
(/usr/share/texlive/texmf-dist/tex/latex/glossaries/styles/glossary-tree.sty
Package: glossary-tree 2016/01/24 v4.21 (NLCT)
\glstreeindent=\skip131
))
\glswrite=\write3
\glo@main@file=\write4
\openout4 = `theisis_master.glo'.

Package glossaries Info: Writing glossary file theisis_master.glo on input line
 127.
\glo@acronym@file=\write5
\openout5 = `theisis_master.acn'.

Package glossaries Info: Writing glossary file theisis_master.acn on input line
 127.
\glo@symbolslist@file=\write6
\openout6 = `theisis_master.syg'.

Package glossaries Info: Writing glossary file theisis_master.syg on input line
 127.

(./glossary.tex) (./theisis_master.aux

LaTeX Warning: Label `eq:cont' multiply defined.


LaTeX Warning: Label `eq:cont@cref' multiply defined.


LaTeX Warning: Label `tab:setup2' multiply defined.


LaTeX Warning: Label `tab:setup2@cref' multiply defined.

)
\openout1 = `theisis_master.aux'.

LaTeX Font Info:    Checking defaults for OML/cmm/m/it on input line 224.
LaTeX Font Info:    ... okay on input line 224.
LaTeX Font Info:    Checking defaults for T1/cmr/m/n on input line 224.
LaTeX Font Info:    ... okay on input line 224.
LaTeX Font Info:    Checking defaults for OT1/cmr/m/n on input line 224.
LaTeX Font Info:    ... okay on input line 224.
LaTeX Font Info:    Checking defaults for OMS/cmsy/m/n on input line 224.
LaTeX Font Info:    ... okay on input line 224.
LaTeX Font Info:    Checking defaults for OMX/cmex/m/n on input line 224.
LaTeX Font Info:    ... okay on input line 224.
LaTeX Font Info:    Checking defaults for U/cmr/m/n on input line 224.
LaTeX Font Info:    ... okay on input line 224.
LaTeX Font Info:    Checking defaults for TS1/cmr/m/n on input line 224.
LaTeX Font Info:    Try loading font information for TS1+cmr on input line 224.

 (/usr/share/texlive/texmf-dist/tex/latex/base/ts1cmr.fd
File: ts1cmr.fd 2014/09/29 v2.5h Standard LaTeX font definitions
)
LaTeX Font Info:    ... okay on input line 224.
LaTeX Font Info:    Checking defaults for PD1/pdf/m/n on input line 224.
LaTeX Font Info:    ... okay on input line 224.

(/usr/share/texlive/texmf-dist/tex/context/base/supp-pdf.mkii
[Loading MPS to PDF converter (version 2006.09.02).]
\scratchcounter=\count297
\scratchdimen=\dimen290
\scratchbox=\box71
\nofMPsegments=\count298
\nofMParguments=\count299
\everyMPshowfont=\toks43
\MPscratchCnt=\count300
\MPscratchDim=\dimen291
\MPnumerator=\count301
\makeMPintoPDFobject=\count302
\everyMPtoPDFconversion=\toks44
) (/usr/share/texlive/texmf-dist/tex/latex/oberdiek/epstopdf-base.sty
Package: epstopdf-base 2010/02/09 v2.5 Base part for package epstopdf

(/usr/share/texlive/texmf-dist/tex/latex/oberdiek/grfext.sty
Package: grfext 2010/08/19 v1.1 Manage graphics extensions (HO)
)
Package grfext Info: Graphics extension search list:
(grfext)             [.png,.pdf,.jpg,.mps,.jpeg,.jbig2,.jb2,.PNG,.PDF,.JPG,.JPE
G,.JBIG2,.JB2,.eps]
(grfext)             \AppendGraphicsExtensions on input line 452.

(/usr/share/texlive/texmf-dist/tex/latex/latexconfig/epstopdf-sys.cfg
File: epstopdf-sys.cfg 2010/07/13 v1.3 Configuration of (r)epstopdf for TeX Liv
e
))
\AtBeginShipoutBox=\box72
\symgns@font=\mathgroup7
LaTeX Font Info:    Overwriting symbol font `gns@font' in version `bold'
(Font)                  TS1/cmr/m/n --> TS1/cmr/bx/n on input line 224.
Package gensymb Info: Math companion symbols declared on input line 224.
LaTeX Info: Redefining \degree on input line 224.
LaTeX Info: Redefining \celsius on input line 224.
Package gensymb Info: Using text companion symbols for \degree, \celsius and \p
erthousand on input line 224.
LaTeX Info: Redefining \ohm on input line 224.
Package gensymb Info: Using \textohm for \ohm on input line 224.
Package gensymb Info: Using \textmu for \micro on input line 224.

(/usr/share/texlive/texmf-dist/tex/latex/ms/ragged2e.sty
Package: ragged2e 2009/05/21 v2.1 ragged2e Package (MS)

(/usr/share/texlive/texmf-dist/tex/latex/ms/everysel.sty
Package: everysel 2011/10/28 v1.2 EverySelectfont Package (MS)

ABD: EverySelectfont initializing macros
LaTeX Info: Redefining \selectfont on input line 126.
)
\CenteringLeftskip=\skip132
\RaggedLeftLeftskip=\skip133
\RaggedRightLeftskip=\skip134
\CenteringRightskip=\skip135
\RaggedLeftRightskip=\skip136
\RaggedRightRightskip=\skip137
\CenteringParfillskip=\skip138
\RaggedLeftParfillskip=\skip139
\RaggedRightParfillskip=\skip140
\JustifyingParfillskip=\skip141
\CenteringParindent=\skip142
\RaggedLeftParindent=\skip143
\RaggedRightParindent=\skip144
\JustifyingParindent=\skip145
)
Package hyperref Info: Link coloring OFF on input line 224.

(/usr/share/texlive/texmf-dist/tex/latex/hyperref/nameref.sty
Package: nameref 2012/10/27 v2.43 Cross-referencing by name of section

(/usr/share/texlive/texmf-dist/tex/generic/oberdiek/gettitlestring.sty
Package: gettitlestring 2010/12/03 v1.4 Cleanup title references (HO)
)
\c@section@level=\count303
LaTeX Info: Redefining \Ref on input line 513.
)
LaTeX Info: Redefining \ref on input line 224.
LaTeX Info: Redefining \pageref on input line 224.
LaTeX Info: Redefining \nameref on input line 224.

(./theisis_master.out) (./theisis_master.out)
\@outlinefile=\write7
\openout7 = `theisis_master.out'.

LaTeX Info: Redefining \Ref on input line 224.
Package caption Info: Begin \AtBeginDocument code.
Package caption Info: subfig package v1.3 is loaded.
Package caption Info: listings package is loaded.
Package caption Info: longtable package is loaded.

(/usr/share/texlive/texmf-dist/tex/latex/caption/ltcaption.sty
Package: ltcaption 2013/06/09 v1.4-94 longtable captions (AR)
)
Package caption Info: supertabular package is loaded.
Package caption Info: End \AtBeginDocument code.

(/usr/share/texlive/texmf-dist/tex/latex/beamer/translator/dicts/translator-bas
ic-dictionary/translator-basic-dictionary-English.dict
Dictionary: translator-basic-dictionary, Language: English 
)
(/usr/share/texlive/texmf-dist/tex/latex/siunitx/siunitx-abbreviations.cfg
File: siunitx-abbreviations.cfg 2016/03/01 v2.6q siunitx: Abbreviated units
)
*geometry* driver: auto-detecting
*geometry* detected driver: pdftex
*geometry* verbose mode - [ preamble ] result:
* driver: pdftex
* paper: a4paper
* layout: <same size as paper>
* layoutoffset:(h,v)=(0.0pt,0.0pt)
* modes: twoside 
* h-part:(L,W,R)=(60.0pt, 477.50787pt, 60.0pt)
* v-part:(T,H,B)=(80.0pt, 705.04684pt, 60.0pt)
* \paperwidth=597.50787pt
* \paperheight=845.04684pt
* \textwidth=421.10078pt
* \textheight=705.04684pt
* \oddsidemargin=42.67912pt
* \evensidemargin=-12.26999pt
* \topmargin=-24.14378pt
* \headheight=15.0pt
* \headsep=19.8738pt
* \topskip=12.0pt
* \footskip=30.0pt
* \marginparwidth=88.0pt
* \marginparsep=7.0pt
* \columnsep=10.0pt
* \skip\footins=10.8pt plus 4.0pt minus 2.0pt
* \hoffset=0.0pt
* \voffset=0.0pt
* \mag=1000
* \@twocolumnfalse
* \@twosidetrue
* \@mparswitchtrue
* \@reversemarginfalse
* (1in=72.27pt=25.4mm, 1cm=28.453pt)

\c@lstlisting=\count304
LaTeX Font Info:    Try loading font information for U+msa on input line 224.
(/usr/share/texlive/texmf-dist/tex/latex/amsfonts/umsa.fd
File: umsa.fd 2013/01/14 v3.01 AMS symbols A
)
LaTeX Font Info:    Try loading font information for U+msb on input line 224.

(/usr/share/texlive/texmf-dist/tex/latex/amsfonts/umsb.fd
File: umsb.fd 2013/01/14 v3.01 AMS symbols B
)
LaTeX Font Info:    Try loading font information for U+wasy on input line 224.

(/usr/share/texlive/texmf-dist/tex/latex/wasysym/uwasy.fd
File: uwasy.fd 2003/10/30 v2.0 Wasy-2 symbol font definitions
) [1

\openout3 = `theisis_master.ist'.


{/var/lib/texmf/fonts/map/pdftex/updmap/pdftex.map}]
\c__siunitx_mathsf_int=\count305
\c__siunitx_mathtt_int=\count306
 [2]

LaTeX Font Warning: Font shape `OT1/cmr/bx/sc' undefined
(Font)              using `OT1/cmr/bx/n' instead on input line 232.

[1

] [2] [3


] (./theisis_master.toc [4

] [5])
\tf@toc=\write8
\openout8 = `theisis_master.toc'.

 [6] (./theisis_master.lot)
\tf@lot=\write9
\openout9 = `theisis_master.lot'.


(./theisis_master.lof
Overfull \hbox (2.26494pt too wide) in paragraph at lines 5--5
 [][] [][]\OT1/cmr/m/n/12 Southern Ocean cir-cu-la-tion schem-atic from []\OT1/
cmr/m/it/12 Speer et al.[] \OT1/cmr/m/n/12 ([]2000[]). Show- 
 []


Underfull \vbox (badness 10000) has occurred while \output is active []

 [7

]
Underfull \vbox (badness 10000) has occurred while \output is active []

 [8]
LaTeX Font Info:    Calculating math sizes for size <8.39996> on input line 21.



LaTeX Font Warning: Font shape `OT1/cmr/m/n' in size <4.19998> not available
(Font)              size <5> substituted on input line 21.


LaTeX Font Warning: Font shape `OML/cmm/m/it' in size <4.19998> not available
(Font)              size <5> substituted on input line 21.


LaTeX Font Warning: Font shape `OMS/cmsy/m/n' in size <4.19998> not available
(Font)              size <5> substituted on input line 21.


LaTeX Font Warning: Font shape `OT1/cmss/m/n' in size <4.19998> not available
(Font)              size <5> substituted on input line 21.


LaTeX Font Warning: Font shape `OT1/cmtt/m/n' in size <4.19998> not available
(Font)              size <5> substituted on input line 21.


LaTeX Font Warning: Font shape `U/wasy/m/n' in size <4.19998> not available
(Font)              size <5> substituted on input line 21.


LaTeX Font Warning: Font shape `TS1/cmr/m/n' in size <4.19998> not available
(Font)              size <5> substituted on input line 21.


Underfull \vbox (badness 7081) has occurred while \output is active []

 [9]
Underfull \vbox (badness 10000) has occurred while \output is active []

 [10]
Underfull \vbox (badness 10000) has occurred while \output is active []

 [11])
\tf@lof=\write10
\openout10 = `theisis_master.lof'.


[12] (./intro.tex
Chapter 1.
<../../Figures/MOC2012.png, id=689, 493.6041pt x 258.7266pt>
File: ../../Figures/MOC2012.png Graphic file (type png)

<use ../../Figures/MOC2012.png>
Package pdftex.def Info: ../../Figures/MOC2012.png used on input line 20.
(pdftex.def)             Requested size: 336.88191pt x 176.57918pt.
pdfTeX warning (ext4): destination with the same identifier (name{page.1}) has 
been already used, duplicate ignored
<to be read again> 
                   \relax 
l.26 
      [1



 <../../Figures/MOC2012.png>]pdfTeX warning (ext4): destination with the same i
dentifier (name{page.2}) has been already used, duplicate ignored
<to be read again> 
                   \relax 
l.35 
      [2]

Package hyperref Warning: The anchor of a bookmark and its parent's must not
(hyperref)                be the same. Added a new anchor on input line 36.

[3] <../../Figures/SpeerSOMC.png, id=731, 397.485pt x 198.9834pt>
File: ../../Figures/SpeerSOMC.png Graphic file (type png)

<use ../../Figures/SpeerSOMC.png>
Package pdftex.def Info: ../../Figures/SpeerSOMC.png used on input line 56.
(pdftex.def)             Requested size: 336.88191pt x 168.65088pt.
 [4 <../../Figures/SpeerSOMC.png>] [5]
Overfull \hbox (22.48503pt too wide) in paragraph at lines 88--88
[]\OT1/cmr/bx/n/17.28 Residual Mean and Trans-formed Eu-lerian Mean
 []


Underfull \vbox (badness 10000) has occurred while \output is active []

 [6]

Package hyperref Warning: The anchor of a bookmark and its parent's must not
(hyperref)                be the same. Added a new anchor on input line 92.

[7] [8]
Underfull \vbox (badness 10000) has occurred while \output is active []

 [9]
[10] [11]
Underfull \vbox (badness 10000) has occurred while \output is active []

 [12]
Overfull \hbox (2.80766pt too wide) detected at line 397
[] \OT1/cmr/m/n/12 + [] + [] +[] = [] \OML/cmm/m/it/12 :[]
 []


Underfull \vbox (badness 10000) has occurred while \output is active []

 [13]
Underfull \vbox (badness 10000) has occurred while \output is active []

 [14]
Underfull \vbox (badness 10000) has occurred while \output is active []

 [15]
[16] [17] <../../Figures/TEM2.pdf, id=972, 219.55305pt x 77.57654pt>
File: ../../Figures/TEM2.pdf Graphic file (type pdf)

<use ../../Figures/TEM2.pdf>
Package pdftex.def Info: ../../Figures/TEM2.pdf used on input line 524.
(pdftex.def)             Requested size: 421.10078pt x 148.80435pt.
) (./setup.tex
Underfull \vbox (badness 10000) has occurred while \output is active []

 [18 <../../Figures/TEM2.pdf>]

Package hyperref Warning: The anchor of a bookmark and its parent's must not
(hyperref)                be the same. Added a new anchor on input line 2.

[19] <../../Figures/gidfig.pdf, id=1012, 501.24551pt x 234.26065pt>
File: ../../Figures/gidfig.pdf Graphic file (type pdf)

<use ../../Figures/gidfig.pdf>
Package pdftex.def Info: ../../Figures/gidfig.pdf used on input line 37.
(pdftex.def)             Requested size: 336.88191pt x 157.45067pt.
 [20 <../../Figures/gidfig.pdf>]
Missing character: There is no  in font cmr12!
Missing character: There is no  in font cmr12!
Missing character: There is no  in font cmr12!
Missing character: There is no  in font cmr12!
Missing character: There is no  in font cmr12!
Missing character: There is no  in font cmr12!
 [21]

LaTeX Font Warning: Font shape `OT1/cmr/bx/n' in size <4.19998> not available
(Font)              size <5> substituted on input line 74.

[22] [23] [24]
Underfull \vbox (badness 10000) has occurred while \output is active []

 [25]
Missing character: There is no  in font cmti12!
Missing character: There is no  in font cmti12!


Package natbib Warning: Citation `Prather' on page 26 undefined on input line 1
20.

Missing character: There is no  in font cmti12!
Missing character: There is no  in font cmti12!

Overfull \hbox (9.45876pt too wide) in paragraph at lines 121--122
[]\OT1/cmr/m/n/12 Advection scheme 7: Seventh-order one-step method with monoto
nicity-preserving
 []

[26]
Underfull \vbox (badness 1292) has occurred while \output is active []

 [27]
Missing character: There is no  in font cmti12!
Missing character: There is no  in font cmti12!

Underfull \vbox (badness 3735) has occurred while \output is active []

 [28]
<../../Figures/taumodel.png, id=1220, 631.961pt x 247.324pt>
File: ../../Figures/taumodel.png Graphic file (type png)

<use ../../Figures/taumodel.png>
Package pdftex.def Info: ../../Figures/taumodel.png used on input line 146.
(pdftex.def)             Requested size: 336.88191pt x 131.84341pt.

<../../Figures/heatmodel.png, id=1236, 480.194pt x 467.346pt>
File: ../../Figures/heatmodel.png Graphic file (type png)

<use ../../Figures/heatmodel.png>
Package pdftex.def Info: ../../Figures/heatmodel.png used on input line 164.
(pdftex.def)             Requested size: 336.88191pt x 327.86734pt.


LaTeX Warning: `h' float specifier changed to `ht'.

[29 <../../Figures/taumodel.png>]
Underfull \vbox (badness 10000) has occurred while \output is active []

 [30 <../../Figures/heatmodel.png>]) [31] [32

]
Chapter 2.
(./burns_et_al.tex

Package hyperref Warning: The anchor of a bookmark and its parent's must not
(hyperref)                be the same. Added a new anchor on input line 6.

<../../Figures/Diagram_Sept16.pdf, id=1283, 586.25151pt x 386.64452pt>
File: ../../Figures/Diagram_Sept16.pdf Graphic file (type pdf)

<use ../../Figures/Diagram_Sept16.pdf>
Package pdftex.def Info: ../../Figures/Diagram_Sept16.pdf used on input line 12
.
(pdftex.def)             Requested size: 421.10078pt x 277.72307pt.

Underfull \vbox (badness 3229) has occurred while \output is active []

 [33]
[34 <../../Figures/Diagram_Sept16.pdf>]
Underfull \vbox (badness 3735) has occurred while \output is active []

 [35]
Underfull \vbox (badness 10000) has occurred while \output is active []

 [36]
Underfull \vbox (badness 10000) has occurred while \output is active []

 [37]
<../../Figures/mixedlayer.pdf, id=1410, 248.73549pt x 252.10155pt>
File: ../../Figures/mixedlayer.pdf Graphic file (type pdf)

<use ../../Figures/mixedlayer.pdf>
Package pdftex.def Info: ../../Figures/mixedlayer.pdf used on input line 61.
(pdftex.def)             Requested size: 294.76926pt x 298.77744pt.

Underfull \vbox (badness 10000) has occurred while \output is active []

 [38]
[39 <../../Figures/mixedlayer.pdf>]
Underfull \vbox (badness 10000) has occurred while \output is active []

 [40]
Overfull \hbox (18.27557pt too wide) in paragraph at lines 125--148
 [] 
 []

[41]
Underfull \vbox (badness 5908) has occurred while \output is active []

 [42]

LaTeX Warning: Reference `eq:sponge' on page 43 undefined on input line 167.

<../../Figures/MOC1.pdf, id=1481, 991.705pt x 317.185pt>
File: ../../Figures/MOC1.pdf Graphic file (type pdf)

<use ../../Figures/MOC1.pdf>
Package pdftex.def Info: ../../Figures/MOC1.pdf used on input line 170.
(pdftex.def)             Requested size: 421.10078pt x 134.68326pt.
 [43 <../../Figures/MOC1.pdf>]
<../../Figures/ROCyz1.pdf, id=1498, 1347.0325pt x 1179.40625pt>
File: ../../Figures/ROCyz1.pdf Graphic file (type pdf)

<use ../../Figures/ROCyz1.pdf>
Package pdftex.def Info: ../../Figures/ROCyz1.pdf used on input line 186.
(pdftex.def)             Requested size: 421.10078pt x 368.68953pt.

Underfull \vbox (badness 10000) has occurred while \output is active []

 [44]
<../../Figures/ROCyT1.pdf, id=1504, 1347.0325pt x 1184.425pt>
File: ../../Figures/ROCyT1.pdf Graphic file (type pdf)

<use ../../Figures/ROCyT1.pdf>
Package pdftex.def Info: ../../Figures/ROCyT1.pdf used on input line 192.
(pdftex.def)             Requested size: 421.10078pt x 370.2584pt.

Underfull \vbox (badness 10000) has occurred while \output is active []

 [45 <../../Figures/ROCyz1.pdf>] [46 <../../Figures/ROCyT1.pdf>]
<../../Figures/Closed_boundary_profile_ROC_300day.pdf, id=1520, 900.36375pt x 6
06.265pt>
File: ../../Figures/Closed_boundary_profile_ROC_300day.pdf Graphic file (type p
df)
 <use ../../Figures/Closed_boundary_profile_ROC_300day.pdf>
Package pdftex.def Info: ../../Figures/Closed_boundary_profile_ROC_300day.pdf u
sed on input line 202.
(pdftex.def)             Requested size: 421.10078pt x 283.54771pt.

Underfull \vbox (badness 10000) has occurred while \output is active []

 [47 <../../Figures/Closed_boundary_profile_ROC_300day.pdf>]
<../../Figures/neefig4.png, id=1530, 1215.5814pt x 1289.2968pt>
File: ../../Figures/neefig4.png Graphic file (type png)

<use ../../Figures/neefig4.png>
Package pdftex.def Info: ../../Figures/neefig4.png used on input line 220.
(pdftex.def)             Requested size: 421.10078pt x 446.63748pt.

Underfull \vbox (badness 1412) has occurred while \output is active []

 [48]
[49 <../../Figures/neefig4.png>]
<../../Figures/dhdnew.png, id=1550, 1339.0025pt x 1184.425pt>
File: ../../Figures/dhdnew.png Graphic file (type png)

<use ../../Figures/dhdnew.png>
Package pdftex.def Info: ../../Figures/dhdnew.png used on input line 234.
(pdftex.def)             Requested size: 421.10078pt x 372.48137pt.

<../../Figures/rocdiv1.pdf, id=1553, 1339.0025pt x 1184.425pt>
File: ../../Figures/rocdiv1.pdf Graphic file (type pdf)

<use ../../Figures/rocdiv1.pdf>
Package pdftex.def Info: ../../Figures/rocdiv1.pdf used on input line 241.
(pdftex.def)             Requested size: 421.10078pt x 372.48137pt.

Underfull \vbox (badness 10000) has occurred while \output is active []

 [50]
[51 <../../Figures/dhdnew.png>]
Underfull \vbox (badness 10000) has occurred while \output is active []

 [52]
[53 <../../Figures/rocdiv1.pdf>]
<../../Figures/EKE1.pdf, id=1581, 1334.9875pt x 1320.935pt>
File: ../../Figures/EKE1.pdf Graphic file (type pdf)

<use ../../Figures/EKE1.pdf>
Package pdftex.def Info: ../../Figures/EKE1.pdf used on input line 265.
(pdftex.def)             Requested size: 421.10078pt x 416.66109pt.

<../../Figures/EPE1.pdf, id=1587, 1346.02875pt x 745.78625pt>
File: ../../Figures/EPE1.pdf Graphic file (type pdf)

<use ../../Figures/EPE1.pdf>
Package pdftex.def Info: ../../Figures/EPE1.pdf used on input line 272.
(pdftex.def)             Requested size: 421.10078pt x 233.31937pt.

Underfull \vbox (badness 3049) has occurred while \output is active []

 [54]
[55 <../../Figures/EKE1.pdf>]
<../../Figures/DEKE1.pdf, id=1601, 400.49625pt x 300.12125pt>
File: ../../Figures/DEKE1.pdf Graphic file (type pdf)

<use ../../Figures/DEKE1.pdf>
Package pdftex.def Info: ../../Figures/DEKE1.pdf used on input line 282.
(pdftex.def)             Requested size: 210.55038pt x 157.78125pt.

<../../Figures/DKE1.pdf, id=1602, 410.53375pt x 300.12125pt>
File: ../../Figures/DKE1.pdf Graphic file (type pdf)

<use ../../Figures/DKE1.pdf>
Package pdftex.def Info: ../../Figures/DKE1.pdf used on input line 283.
(pdftex.def)             Requested size: 210.55038pt x 153.92075pt.

Underfull \vbox (badness 10000) has occurred while \output is active []

 [56 <../../Figures/EPE1.pdf> <../../Figures/DEKE1.pdf> <../../Figures/DKE1.pdf
>]
Underfull \vbox (badness 3049) has occurred while \output is active []

 [57]
Underfull \vbox (badness 10000) has occurred while \output is active []

 [58])
[59] [60

]
Chapter 3.
(./surfacerestoring.tex

Package hyperref Warning: The anchor of a bookmark and its parent's must not
(hyperref)                be the same. Added a new anchor on input line 3.


Underfull \vbox (badness 10000) has occurred while \output is active []

 [61]
[62] <../../Figures/Closedvariations.pdf, id=1671, 565.11125pt x 859.21pt>
File: ../../Figures/Closedvariations.pdf Graphic file (type pdf)

<use ../../Figures/Closedvariations.pdf>
Package pdftex.def Info: ../../Figures/Closedvariations.pdf used on input line 
26.
(pdftex.def)             Requested size: 315.82558pt x 480.19727pt.

Underfull \vbox (badness 2772) has occurred while \output is active []

 [63]
[64 <../../Figures/Closedvariations.pdf>]
<../../Figures/Spongevariations.pdf, id=1693, 565.11125pt x 859.21pt>
File: ../../Figures/Spongevariations.pdf Graphic file (type pdf)

<use ../../Figures/Spongevariations.pdf>
Package pdftex.def Info: ../../Figures/Spongevariations.pdf used on input line 
34.
(pdftex.def)             Requested size: 315.82558pt x 480.19727pt.

Underfull \vbox (badness 2080) has occurred while \output is active []

 [65 <../../Figures/Spongevariations.pdf>]
<../../Figures/dhdvariationsnew.pdf, id=1701, 410.4936pt x 862.9038pt>
File: ../../Figures/dhdvariationsnew.pdf Graphic file (type pdf)

<use ../../Figures/dhdvariationsnew.pdf>
Package pdftex.def Info: ../../Figures/dhdvariationsnew.pdf used on input line 
45.
(pdftex.def)             Requested size: 252.66304pt x 531.12378pt.

Underfull \vbox (badness 10000) has occurred while \output is active []

 [66]
[67 <../../Figures/dhdvariationsnew.pdf>]
Underfull \vbox (badness 2772) has occurred while \output is active []

 [68]
<../../Figures/AC14_ROC.pdf, id=1721, 1175.39125pt x 1171.37625pt>
File: ../../Figures/AC14_ROC.pdf Graphic file (type pdf)

<use ../../Figures/AC14_ROC.pdf>
Package pdftex.def Info: ../../Figures/AC14_ROC.pdf used on input line 65.
(pdftex.def)             Requested size: 294.76926pt x 293.7549pt.

Underfull \vbox (badness 10000) has occurred while \output is active []

 [69]
Missing character: There is no  in font cmti12!
Missing character: There is no  in font cmti12!

Underfull \vbox (badness 10000) has occurred while \output is active []

 [70 <../../Figures/AC14_ROC.pdf>]
Overfull \hbox (12.40063pt too wide) in paragraph at lines 80--107
 [] 
 []


Underfull \vbox (badness 10000) has occurred while \output is active []

 [71]
Underfull \vbox (badness 10000) has occurred while \output is active []

 [72]
<../../Figures/Tsall.pdf, id=1766, 400.49625pt x 289.08pt>
File: ../../Figures/Tsall.pdf Graphic file (type pdf)

<use ../../Figures/Tsall.pdf>
Package pdftex.def Info: ../../Figures/Tsall.pdf used on input line 140.
(pdftex.def)             Requested size: 252.66304pt x 182.3772pt.
 [73 <../../Figures/Tsall.pdf>]
<../../Figures/3closedrocyt.pdf, id=1788, 1067.99pt x 461.725pt>
File: ../../Figures/3closedrocyt.pdf Graphic file (type pdf)

<use ../../Figures/3closedrocyt.pdf>
Package pdftex.def Info: ../../Figures/3closedrocyt.pdf used on input line 186.

(pdftex.def)             Requested size: 421.10078pt x 182.05176pt.

Overfull \hbox (4.50174pt too wide) in paragraph at lines 184--189
\OT1/cmr/m/n/12 All ex-per-i-ments were run fo-cus-ing on the closed north-ern 
bound-ary and the strongest
 []

[74] <../../Figures/noQROCyz.pdf, id=1796, 1030.85126pt x 425.59pt>
File: ../../Figures/noQROCyz.pdf Graphic file (type pdf)

<use ../../Figures/noQROCyz.pdf>
Package pdftex.def Info: ../../Figures/noQROCyz.pdf used on input line 196.
(pdftex.def)             Requested size: 421.10078pt x 173.85011pt.
 [75 <../../Figures/3closedrocyt.pdf>]
<../../Figures/noQROCyT.pdf, id=1807, 1048.91875pt x 461.725pt>
File: ../../Figures/noQROCyT.pdf Graphic file (type pdf)

<use ../../Figures/noQROCyT.pdf>
Package pdftex.def Info: ../../Figures/noQROCyT.pdf used on input line 204.
(pdftex.def)             Requested size: 421.10078pt x 185.36308pt.

Underfull \vbox (badness 10000) has occurred while \output is active []

 [76 <../../Figures/noQROCyz.pdf> <../../Figures/noQROCyT.pdf>]
<../../Figures/L90ROCyz.pdf, id=1817, 676.5275pt x 967.615pt>
File: ../../Figures/L90ROCyz.pdf Graphic file (type pdf)

<use ../../Figures/L90ROCyz.pdf>
Package pdftex.def Info: ../../Figures/L90ROCyz.pdf used on input line 217.
(pdftex.def)             Requested size: 336.88191pt x 481.84264pt.

Underfull \vbox (badness 10000) has occurred while \output is active []

 [77]
<../../Figures/L90ROCyT.pdf, id=1831, 695.59875pt x 967.615pt>
File: ../../Figures/L90ROCyT.pdf Graphic file (type pdf)

<use ../../Figures/L90ROCyT.pdf>
Package pdftex.def Info: ../../Figures/L90ROCyT.pdf used on input line 225.
(pdftex.def)             Requested size: 336.88191pt x 468.61356pt.

Underfull \vbox (badness 6658) has occurred while \output is active []

 [78 <../../Figures/L90ROCyz.pdf>]
<../../Figures/L902QROCyz.pdf, id=1842, 1197.47375pt x 461.725pt>
File: ../../Figures/L902QROCyz.pdf Graphic file (type pdf)

<use ../../Figures/L902QROCyz.pdf>
Package pdftex.def Info: ../../Figures/L902QROCyz.pdf used on input line 236.
(pdftex.def)             Requested size: 421.10078pt x 162.36707pt.

Underfull \vbox (badness 10000) has occurred while \output is active []

 [79 <../../Figures/L90ROCyT.pdf>]
<../../Figures/L902QROCyT.pdf, id=1852, 1197.47375pt x 461.725pt>
File: ../../Figures/L902QROCyT.pdf Graphic file (type pdf)

<use ../../Figures/L902QROCyT.pdf>
Package pdftex.def Info: ../../Figures/L902QROCyT.pdf used on input line 243.
(pdftex.def)             Requested size: 421.10078pt x 162.36707pt.
 [80 <../../Figures/L902QROCyz.pdf>]
<../../Figures/noQheatbuget.pdf, id=1865, 1011.78pt x 427.5975pt>
File: ../../Figures/noQheatbuget.pdf Graphic file (type pdf)

<use ../../Figures/noQheatbuget.pdf>
Package pdftex.def Info: ../../Figures/noQheatbuget.pdf used on input line 269.

(pdftex.def)             Requested size: 421.10078pt x 177.96509pt.

Underfull \vbox (badness 10000) has occurred while \output is active []

 [81 <../../Figures/L902QROCyT.pdf>]
<../../Figures/noQdhd.pdf, id=1875, 1003.75pt x 425.59pt>
File: ../../Figures/noQdhd.pdf Graphic file (type pdf)

<use ../../Figures/noQdhd.pdf>
Package pdftex.def Info: ../../Figures/noQdhd.pdf used on input line 276.
(pdftex.def)             Requested size: 421.10078pt x 178.55176pt.

Underfull \vbox (badness 10000) has occurred while \output is active []

 [82 <../../Figures/noQheatbuget.pdf>]
<../../Figures/L90Qbudget.pdf, id=1886, 613.29124pt x 959.585pt>
File: ../../Figures/L90Qbudget.pdf Graphic file (type pdf)

<use ../../Figures/L90Qbudget.pdf>
Package pdftex.def Info: ../../Figures/L90Qbudget.pdf used on input line 286.
(pdftex.def)             Requested size: 336.88191pt x 527.09985pt.

Underfull \vbox (badness 10000) has occurred while \output is active []

 [83 <../../Figures/noQdhd.pdf>]
<../../Figures/L90dhd.pdf, id=1906, 668.4975pt x 967.615pt>
File: ../../Figures/L90dhd.pdf Graphic file (type pdf)

<use ../../Figures/L90dhd.pdf>
Package pdftex.def Info: ../../Figures/L90dhd.pdf used on input line 293.
(pdftex.def)             Requested size: 421.10078pt x 609.54163pt.

Underfull \vbox (badness 10000) has occurred while \output is active []

 [84 <../../Figures/L90Qbudget.pdf>]
Underfull \vbox (badness 10000) has occurred while \output is active []

 [85]
<../../Figures/EKEnoQ.pdf, id=1918, 1011.78pt x 427.5975pt>
File: ../../Figures/EKEnoQ.pdf Graphic file (type pdf)

<use ../../Figures/EKEnoQ.pdf>
Package pdftex.def Info: ../../Figures/EKEnoQ.pdf used on input line 306.
(pdftex.def)             Requested size: 421.10078pt x 177.96509pt.

Underfull \vbox (badness 10000) has occurred while \output is active []

 [86 <../../Figures/L90dhd.pdf>]
<../../Figures/L90EKE.pdf, id=1926, 676.5275pt x 1029.8475pt>
File: ../../Figures/L90EKE.pdf Graphic file (type pdf)

<use ../../Figures/L90EKE.pdf>
Package pdftex.def Info: ../../Figures/L90EKE.pdf used on input line 315.
(pdftex.def)             Requested size: 336.88191pt x 512.8325pt.

Underfull \vbox (badness 10000) has occurred while \output is active []

 [87 <../../Figures/EKEnoQ.pdf>]
<../../Figures/L90EPE.pdf, id=1937, 620.3175pt x 959.585pt>
File: ../../Figures/L90EPE.pdf Graphic file (type pdf)

<use ../../Figures/L90EPE.pdf>
Package pdftex.def Info: ../../Figures/L90EPE.pdf used on input line 322.
(pdftex.def)             Requested size: 336.88191pt x 521.12589pt.

Underfull \vbox (badness 1226) has occurred while \output is active []

 [88 <../../Figures/L90EKE.pdf>]
Underfull \vbox (badness 10000) has occurred while \output is active []

 [89 <../../Figures/L90EPE.pdf>]
<../../Figures/surfrest_rocd.pdf, id=1949, 1282.7925pt x 1076.02pt>
File: ../../Figures/surfrest_rocd.pdf Graphic file (type pdf)

<use ../../Figures/surfrest_rocd.pdf>
Package pdftex.def Info: ../../Figures/surfrest_rocd.pdf used on input line 337
.
(pdftex.def)             Requested size: 421.10078pt x 353.21597pt.

Underfull \vbox (badness 10000) has occurred while \output is active []

 [90]
<../../Figures/surfrest_dhd.pdf, id=1960, 1282.7925pt x 1076.02pt>
File: ../../Figures/surfrest_dhd.pdf Graphic file (type pdf)

<use ../../Figures/surfrest_dhd.pdf>
Package pdftex.def Info: ../../Figures/surfrest_dhd.pdf used on input line 344.

(pdftex.def)             Requested size: 421.10078pt x 353.21597pt.

Underfull \vbox (badness 10000) has occurred while \output is active []

 [91 <../../Figures/surfrest_rocd.pdf>]
<../../Figures/surfrest_Trgad.pdf, id=1971, 1309.89375pt x 1148.29pt>
File: ../../Figures/surfrest_Trgad.pdf Graphic file (type pdf)

<use ../../Figures/surfrest_Trgad.pdf>
Package pdftex.def Info: ../../Figures/surfrest_Trgad.pdf used on input line 35
1.
(pdftex.def)             Requested size: 421.10078pt x 369.14236pt.

Underfull \vbox (badness 10000) has occurred while \output is active []

 [92 <../../Figures/surfrest_dhd.pdf>]
<../../Figures/surfrest_vptp.pdf, id=1982, 1454.43375pt x 1076.02pt>
File: ../../Figures/surfrest_vptp.pdf Graphic file (type pdf)

<use ../../Figures/surfrest_vptp.pdf>
Package pdftex.def Info: ../../Figures/surfrest_vptp.pdf used on input line 360
.
(pdftex.def)             Requested size: 421.10078pt x 311.52884pt.

Overfull \hbox (4.36716pt too wide) in paragraph at lines 355--363
[]\OT1/cmr/m/n/12 For ref-er-ence we plot the zonal mean me-ri-di-onal tem-per-
at-ure gradi-ent in Fig. []3.22[].
 []


Underfull \vbox (badness 10000) has occurred while \output is active []

 [93 <../../Figures/surfrest_Trgad.pdf>]) (./Preliminary_Experiments.tex [94 <.
./../Figures/surfrest_vptp.pdf>]
Chapter 4.

Underfull \vbox (badness 10000) has occurred while \output is active []

 [95

]

Package hyperref Warning: Difference (2) between bookmark levels is greater 
(hyperref)                than one, level fixed on input line 9.


Package hyperref Warning: The anchor of a bookmark and its parent's must not
(hyperref)                be the same. Added a new anchor on input line 9.


LaTeX Warning: Reference `fig:model' on page 96 undefined on input line 11.


Underfull \vbox (badness 2772) has occurred while \output is active []

 [96]
Underfull \vbox (badness 10000) has occurred while \output is active []

 [97]
<../../Figures/TNfail.pdf, id=2017, 750.805pt x 750.805pt>
File: ../../Figures/TNfail.pdf Graphic file (type pdf)

<use ../../Figures/TNfail.pdf>
Package pdftex.def Info: ../../Figures/TNfail.pdf used on input line 47.
(pdftex.def)             Requested size: 421.10078pt x 421.1124pt.
 [98 <../../Figures/TNfail.pdf>]
<../../Figures/rocvnall.pdf, id=2034, 1493.8209pt x 1910.8188pt>
File: ../../Figures/rocvnall.pdf Graphic file (type pdf)

<use ../../Figures/rocvnall.pdf>
Package pdftex.def Info: ../../Figures/rocvnall.pdf used on input line 58.
(pdftex.def)             Requested size: 378.98813pt x 484.75946pt.
)
Underfull \vbox (badness 10000) has occurred while \output is active []

 [99]
[100 <../../Figures/rocvnall.pdf>] (./Part2Outline.tex
Underfull \vbox (badness 10000) has occurred while \output is active []

 [101]
<../../Figures/TN.pdf, id=2054, 533.995pt x 533.995pt>
File: ../../Figures/TN.pdf Graphic file (type pdf)

<use ../../Figures/TN.pdf>
Package pdftex.def Info: ../../Figures/TN.pdf used on input line 30.
(pdftex.def)             Requested size: 168.43773pt x 168.43745pt.

<../../Figures/TDT.pdf, id=2055, 479.7925pt x 470.75874pt>
File: ../../Figures/TDT.pdf Graphic file (type pdf)

<use ../../Figures/TDT.pdf>
Package pdftex.def Info: ../../Figures/TDT.pdf used on input line 32.
(pdftex.def)             Requested size: 168.43773pt x 165.26367pt.

<../../Figures/VNROCyz.pdf, id=2061, 1309.89375pt x 859.21pt>
File: ../../Figures/VNROCyz.pdf Graphic file (type pdf)

<use ../../Figures/VNROCyz.pdf>
Package pdftex.def Info: ../../Figures/VNROCyz.pdf used on input line 43.
(pdftex.def)             Requested size: 421.10078pt x 276.21143pt.

Underfull \vbox (badness 10000) has occurred while \output is active []

 [102 <../../Figures/TN.pdf> <../../Figures/TDT.pdf>]
<../../Figures/VNROCyt.pdf, id=2075, 1347.0325pt x 895.345pt>
File: ../../Figures/VNROCyt.pdf Graphic file (type pdf)

<use ../../Figures/VNROCyt.pdf>
Package pdftex.def Info: ../../Figures/VNROCyt.pdf used on input line 51.
(pdftex.def)             Requested size: 421.10078pt x 279.89026pt.

Underfull \vbox (badness 10000) has occurred while \output is active []

 [103 <../../Figures/VNROCyz.pdf>]
<../../Figures/dtmoc.pdf, id=2086, 633.36626pt x 1076.02pt>
File: ../../Figures/dtmoc.pdf Graphic file (type pdf)

<use ../../Figures/dtmoc.pdf>
Package pdftex.def Info: ../../Figures/dtmoc.pdf used on input line 62.
(pdftex.def)             Requested size: 336.88191pt x 572.34024pt.
 [104 <../../Figures/VNROCyt.pdf>]
<../../Figures/dtrocyt.pdf, id=2096, 602.25pt x 1112.155pt>
File: ../../Figures/dtrocyt.pdf Graphic file (type pdf)

<use ../../Figures/dtrocyt.pdf>
Package pdftex.def Info: ../../Figures/dtrocyt.pdf used on input line 69.
(pdftex.def)             Requested size: 336.88191pt x 622.12376pt.

Underfull \vbox (badness 6300) has occurred while \output is active []

 [105 <../../Figures/dtmoc.pdf>]
Underfull \vbox (badness 10000) has occurred while \output is active []

 [106]
Underfull \vbox (badness 10000) has occurred while \output is active []

 [107 <../../Figures/dtrocyt.pdf>]
<../../Figures/Qbudgetvn.pdf, id=2116, 1351.0475pt x 888.31876pt>
File: ../../Figures/Qbudgetvn.pdf Graphic file (type pdf)

<use ../../Figures/Qbudgetvn.pdf>
Package pdftex.def Info: ../../Figures/Qbudgetvn.pdf used on input line 81.
(pdftex.def)             Requested size: 421.10078pt x 276.86697pt.

<../../Figures/VNdhd.pdf, id=2120, 1301.86375pt x 859.21pt>
File: ../../Figures/VNdhd.pdf Graphic file (type pdf)

<use ../../Figures/VNdhd.pdf>
Package pdftex.def Info: ../../Figures/VNdhd.pdf used on input line 87.
(pdftex.def)             Requested size: 421.10078pt x 277.91579pt.
 [108 <../../Figures/Qbudgetvn.pdf>]
<../../Figures/Qbudgetdt.pdf, id=2130, 613.29124pt x 1101.11375pt>
File: ../../Figures/Qbudgetdt.pdf Graphic file (type pdf)

<use ../../Figures/Qbudgetdt.pdf>
Package pdftex.def Info: ../../Figures/Qbudgetdt.pdf used on input line 95.
(pdftex.def)             Requested size: 336.88191pt x 604.84157pt.

Underfull \vbox (badness 10000) has occurred while \output is active []

 [109 <../../Figures/VNdhd.pdf>]
<../../Figures/DTdhd.pdf, id=2141, 668.4975pt x 1112.155pt>
File: ../../Figures/DTdhd.pdf Graphic file (type pdf)

<use ../../Figures/DTdhd.pdf>
Package pdftex.def Info: ../../Figures/DTdhd.pdf used on input line 102.
(pdftex.def)             Requested size: 336.88191pt x 560.47139pt.

Underfull \vbox (badness 10000) has occurred while \output is active []

 [110 <../../Figures/Qbudgetdt.pdf>]
Underfull \vbox (badness 10000) has occurred while \output is active []

 [111]
<../../Figures/VNEKE.pdf, id=2152, 1302.8675pt x 853.1875pt>
File: ../../Figures/VNEKE.pdf Graphic file (type pdf)

<use ../../Figures/VNEKE.pdf>
Package pdftex.def Info: ../../Figures/VNEKE.pdf used on input line 110.
(pdftex.def)             Requested size: 421.10078pt x 275.75948pt.

Underfull \vbox (badness 10000) has occurred while \output is active []

 [112 <../../Figures/DTdhd.pdf>]
<../../Figures/DTEKE.pdf, id=2158, 595.22375pt x 1029.8475pt>
File: ../../Figures/DTEKE.pdf Graphic file (type pdf)

<use ../../Figures/DTEKE.pdf>
Package pdftex.def Info: ../../Figures/DTEKE.pdf used on input line 119.
(pdftex.def)             Requested size: 336.88191pt x 582.87064pt.
 [113 <../../Figures/VNEKE.pdf>])
Underfull \vbox (badness 10000) has occurred while \output is active []

 [114 <../../Figures/DTEKE.pdf>] [115] [116

]
Chapter 5.
(./ACC.tex

Package hyperref Warning: The anchor of a bookmark and its parent's must not
(hyperref)                be the same. Added a new anchor on input line 12.


Package natbib Warning: Citation `Thompson2008' on page 117 undefined on input 
line 16.

<../../Figures/topo.pdf, id=2198, 883.8621pt x 547.8066pt>
File: ../../Figures/topo.pdf Graphic file (type pdf)

<use ../../Figures/topo.pdf>
Package pdftex.def Info: ../../Figures/topo.pdf used on input line 22.
(pdftex.def)             Requested size: 294.76926pt x 182.6909pt.
 [117]
Missing character: There is no  in font cmti12!
Missing character: There is no  in font cmti12!

Overfull \hbox (18.27557pt too wide) in paragraph at lines 32--53
 [] 
 []


Underfull \vbox (badness 10000) has occurred while \output is active []

 [118 <../../Figures/topo.pdf>]
<../../Figures/instT.pdf, id=2219, 1428.33624pt x 1173.38374pt>
File: ../../Figures/instT.pdf Graphic file (type pdf)

<use ../../Figures/instT.pdf>
Package pdftex.def Info: ../../Figures/instT.pdf used on input line 60.
(pdftex.def)             Requested size: 421.10078pt x 345.93034pt.

Underfull \vbox (badness 10000) has occurred while \output is active []

 [119]
<../../Figures/MOC_flatvtopo.pdf, id=2227, 1180.41pt x 1184.425pt>
File: ../../Figures/MOC_flatvtopo.pdf Graphic file (type pdf)

<use ../../Figures/MOC_flatvtopo.pdf>
Package pdftex.def Info: ../../Figures/MOC_flatvtopo.pdf used on input line 68.

(pdftex.def)             Requested size: 421.10078pt x 422.52509pt.

Underfull \vbox (badness 10000) has occurred while \output is active []

 [120 <../../Figures/instT.pdf>]

Package natbib Warning: Citation `Smith and Sandwell' on page 121 undefined on 
input line 74.


Package natbib Warning: Citation `1997' on page 121 undefined on input line 74.


<../../Figures/ROC_flatvtopoT.pdf, id=2238, 1347.0325pt x 1184.425pt>
File: ../../Figures/ROC_flatvtopoT.pdf Graphic file (type pdf)

<use ../../Figures/ROC_flatvtopoT.pdf>
Package pdftex.def Info: ../../Figures/ROC_flatvtopoT.pdf used on input line 76
.
(pdftex.def)             Requested size: 421.10078pt x 370.2584pt.
 [121 <../../Figures/MOC_flatvtopo.pdf>]
[122 <../../Figures/ROC_flatvtopoT.pdf>]
<../../Figures/ROC_flatvtopo.pdf, id=2254, 1347.0325pt x 1184.425pt>
File: ../../Figures/ROC_flatvtopo.pdf Graphic file (type pdf)

<use ../../Figures/ROC_flatvtopo.pdf>
Package pdftex.def Info: ../../Figures/ROC_flatvtopo.pdf used on input line 86.

(pdftex.def)             Requested size: 421.10078pt x 370.2584pt.
 [123 <../../Figures/ROC_flatvtopo.pdf>]
<../../Figures/wptpfull.pdf, id=2264, 1290.8225pt x 1184.425pt>
File: ../../Figures/wptpfull.pdf Graphic file (type pdf)

<use ../../Figures/wptpfull.pdf>
Package pdftex.def Info: ../../Figures/wptpfull.pdf used on input line 99.
(pdftex.def)             Requested size: 421.10078pt x 386.3794pt.

Underfull \vbox (badness 10000) has occurred while \output is active []

 [124]
<../../Figures/DEfullxy.pdf, id=2272, 1181.41376pt x 1184.425pt>
File: ../../Figures/DEfullxy.pdf Graphic file (type pdf)

<use ../../Figures/DEfullxy.pdf>
Package pdftex.def Info: ../../Figures/DEfullxy.pdf used on input line 105.
(pdftex.def)             Requested size: 421.10078pt x 422.16364pt.

Underfull \vbox (badness 10000) has occurred while \output is active []

 [125 <../../Figures/wptpfull.pdf>]
<../../Figures/EKE_flatvtopo.pdf, id=2279, 1160.335pt x 1184.425pt>
File: ../../Figures/EKE_flatvtopo.pdf Graphic file (type pdf)

<use ../../Figures/EKE_flatvtopo.pdf>
Package pdftex.def Info: ../../Figures/EKE_flatvtopo.pdf used on input line 113
.
(pdftex.def)             Requested size: 421.10078pt x 429.84459pt.

Underfull \vbox (badness 10000) has occurred while \output is active []

 [126 <../../Figures/DEfullxy.pdf>]
<../../Figures/EKE_flatvtopo_xy.pdf, id=2285, 1339.0025pt x 1184.425pt>
File: ../../Figures/EKE_flatvtopo_xy.pdf Graphic file (type pdf)

<use ../../Figures/EKE_flatvtopo_xy.pdf>
Package pdftex.def Info: ../../Figures/EKE_flatvtopo_xy.pdf used on input line 
119.
(pdftex.def)             Requested size: 421.10078pt x 372.48137pt.

Underfull \vbox (badness 10000) has occurred while \output is active []

 [127 <../../Figures/EKE_flatvtopo.pdf>]

Package natbib Warning: Citation `Thompson2008' on page 128 undefined on input 
line 123.

[128 <../../Figures/EKE_flatvtopo_xy.pdf>]

Package natbib Warning: Citation `Hogg2010' on page 129 undefined on input line
 146.


Package hyperref Warning: The anchor of a bookmark and its parent's must not
(hyperref)                be the same. Added a new anchor on input line 149.

<../../Figures/Uflat.pdf, id=2300, 1357.07pt x 931.48pt>
File: ../../Figures/Uflat.pdf Graphic file (type pdf)

<use ../../Figures/Uflat.pdf>
Package pdftex.def Info: ../../Figures/Uflat.pdf used on input line 154.
(pdftex.def)             Requested size: 421.10078pt x 289.04007pt.

Underfull \vbox (badness 10000) has occurred while \output is active []

 [129]
<../../Figures/baroflat.pdf, id=2308, 1357.07pt x 931.48pt>
File: ../../Figures/baroflat.pdf Graphic file (type pdf)

<use ../../Figures/baroflat.pdf>
Package pdftex.def Info: ../../Figures/baroflat.pdf used on input line 162.
(pdftex.def)             Requested size: 421.10078pt x 289.04007pt.

Underfull \vbox (badness 10000) has occurred while \output is active []

 [130 <../../Figures/Uflat.pdf>]
<../../Figures/baroclinflat.pdf, id=2318, 1376.14125pt x 931.48pt>
File: ../../Figures/baroclinflat.pdf Graphic file (type pdf)

<use ../../Figures/baroclinflat.pdf>
Package pdftex.def Info: ../../Figures/baroclinflat.pdf used on input line 170.

(pdftex.def)             Requested size: 421.10078pt x 285.03195pt.

Underfull \vbox (badness 10000) has occurred while \output is active []

 [131 <../../Figures/baroflat.pdf>]) [132 <../../Figures/baroclinflat.pdf>]
Chapter 6.
(./discussion.tex

Package hyperref Warning: Difference (2) between bookmark levels is greater 
(hyperref)                than one, level fixed on input line 3.


Package hyperref Warning: The anchor of a bookmark and its parent's must not
(hyperref)                be the same. Added a new anchor on input line 3.


Underfull \vbox (badness 10000) has occurred while \output is active []

 [133

]
Underfull \vbox (badness 10000) has occurred while \output is active []

 [134]
<../../Figures/ROCvn2.pdf, id=2341, 611.28375pt x 557.08125pt>
File: ../../Figures/ROCvn2.pdf Graphic file (type pdf)

<use ../../Figures/ROCvn2.pdf>
Package pdftex.def Info: ../../Figures/ROCvn2.pdf used on input line 17.
(pdftex.def)             Requested size: 421.10078pt x 383.75745pt.
 [135 <../../Figures/ROCvn2.pdf>]
<../../Figures/EKEvn2.pdf, id=2349, 745.78625pt x 554.07pt>
File: ../../Figures/EKEvn2.pdf Graphic file (type pdf)

<use ../../Figures/EKEvn2.pdf>
Package pdftex.def Info: ../../Figures/EKEvn2.pdf used on input line 26.
(pdftex.def)             Requested size: 421.10078pt x 312.84723pt.


LaTeX Warning: Reference `fig:noqrocyt' on page 136 undefined on input line 36.



Package natbib Warning: Citation `Karstensen2011' on page 136 undefined on inpu
t line 36.

[136 <../../Figures/EKEvn2.pdf>]

Package natbib Warning: Citation `NaveiraGarabato2009' on page 137 undefined on
 input line 42.


Underfull \vbox (badness 10000) has occurred while \output is active []

 [137]
[138]
Underfull \vbox (badness 10000) has occurred while \output is active []

 [139]

Package natbib Warning: Citation `Ferreira2014' on page 140 undefined on input 
line 58.


Underfull \vbox (badness 10000) has occurred while \output is active []

 [140])
[141] [142

] (./theisis_master.acr [143] [144

]
Missing character: There is no  in font cmr12!
Missing character: There is no  in font cmr12!
Missing character: There is no  in font cmr12!
Missing character: There is no  in font cmr12!
Missing character: There is no  in font cmr12!
Missing character: There is no  in font cmr12!
 [145

] [146])
(./theisis_master.syi [147] [148

]
Underfull \hbox (badness 10000) in paragraph at lines 6--6
[]| \OT1/cmr/m/n/12 Spe-cific heat ca-pa-
 []

[149

]) (./theisis_master.gls [150] [151


]
Overfull \hbox (26.2369pt too wide) in paragraph at lines 41--41
[]\OT1/cmr/m/n/12 The scale for meso-scale ed-dies to form baro-clinic in-stabi
l-ity. $[]$,
 []

) (./theisis_master.bbl [152] [153

] [154]
Missing character: There is no  in font cmr12!
Missing character: There is no  in font cmr12!
Missing character: There is no  in font cmti12!
Missing character: There is no  in font cmti12!
Missing character: There is no  in font cmti12!
 [155] [156]
Missing character: There is no  in font cmr12!
Missing character: There is no  in font cmr12!
Missing character: There is no  in font cmr12!
 [157] [158]) [159]
[160

] [161

] [162]

Package hyperref Warning: The anchor of a bookmark and its parent's must not
(hyperref)                be the same. Added a new anchor on input line 333.


Underfull \vbox (badness 10000) has occurred while \output is active []

 [163]
Overfull \hbox (39.21428pt too wide) in alignment at lines 392--431
 [][][] []
 []

(./Datafile.tex
Underfull \vbox (badness 10000) has occurred while \output is active []

 [164]
Missing character: There is no  in font cmti12!
Missing character: There is no  in font cmti12!
Missing character: There is no  in font cmti12!
Missing character: There is no  in font cmti12!
Missing character: There is no  in font cmti12!
Missing character: There is no  in font cmti12!
Missing character: There is no  in font cmti12!
Missing character: There is no  in font cmti12!

Overfull \hbox (19.47575pt too wide) in paragraph at lines 36--37
[]\OT1/cmr/bx/sc/12 tempAdvScheme=7,\OT1/cmr/m/it/12 The seventh-order one-step
 method with monotonicit-preserving
 []


Underfull \vbox (badness 10000) has occurred while \output is active []

 [165]
Missing character: There is no  in font cmti12!
Missing character: There is no  in font cmti12!
Missing character: There is no  in font cmti12!

Overfull \hbox (11.97108pt too wide) in paragraph at lines 46--48
\OT1/cmr/m/it/12 cients called POLY3.COEFFS. To do this, use the pro-gram utils
/k-nud-sen2/knudsen2.f
 []


Underfull \vbox (badness 10000) has occurred while \output is active []

 [166]
Underfull \vbox (badness 10000) has occurred while \output is active []

 [167])

Package natbib Warning: There were undefined citations.

Package atveryend Info: Empty hook `BeforeClearDocument' on input line 439.
[168
runsystem(makeindex -s theisis_master.ist -t theisis_master.glg -o theisis_mast
er.gls theisis_master.glo)...executed safely (allowed).

runsystem(makeindex -s theisis_master.ist -t theisis_master.alg -o theisis_mast
er.acr theisis_master.acn)...executed safely (allowed).

runsystem(makeindex -s theisis_master.ist -t theisis_master.slg -o theisis_mast
er.syi theisis_master.syg)...executed safely (allowed).

]
Package atveryend Info: Empty hook `AfterLastShipout' on input line 439.
 (./theisis_master.aux)
Package atveryend Info: Executing hook `AtVeryEndDocument' on input line 439.
Package atveryend Info: Executing hook `AtEndAfterFileList' on input line 439.
Package rerunfilecheck Info: File `theisis_master.out' has not changed.
(rerunfilecheck)             Checksum: 44293DC0CA99C9B9AF62083FE19E8525;4728.


LaTeX Font Warning: Size substitutions with differences
(Font)              up to 2.90001pt have occurred.


LaTeX Font Warning: Some font shapes were not available, defaults substituted.


LaTeX Warning: There were undefined references.


LaTeX Warning: There were multiply-defined labels.

Package atveryend Info: Empty hook `AtVeryVeryEnd' on input line 439.
 ) 
Here is how much of TeX's memory you used:
 33734 strings out of 493029
 601717 string characters out of 6136234
 839592 words of memory out of 5000000
 36181 multiletter control sequences out of 15000+600000
 27884 words of font info for 110 fonts, out of 8000000 for 9000
 1141 hyphenation exceptions out of 8191
 46i,25n,87p,10386b,1042s stack positions out of 5000i,500n,10000p,200000b,80000s
pdfTeX warning (dest): name{Hfootnote.13} has been referenced but does not ex
ist, replaced by a fixed one

pdfTeX warning (dest): name{Hfootnote.12} has been referenced but does not exis
t, replaced by a fixed one

pdfTeX warning (dest): name{Hfootnote.11} has been referenced but does not exis
t, replaced by a fixed one

pdfTeX warning (dest): name{Hfootnote.10} has been referenced but does not exis
t, replaced by a fixed one

pdfTeX warning (dest): name{Hfootnote.9} has been referenced but does not exist
, replaced by a fixed one

pdfTeX warning (dest): name{Hfootnote.8} has been referenced but does not exist
, replaced by a fixed one

pdfTeX warning (dest): name{Hfootnote.7} has been referenced but does not exist
, replaced by a fixed one

pdfTeX warning (dest): name{Hfootnote.6} has been referenced but does not exist
, replaced by a fixed one

pdfTeX warning (dest): name{Hfootnote.5} has been referenced but does not exist
, replaced by a fixed one

pdfTeX warning (dest): name{Hfootnote.4} has been referenced but does not exist
, replaced by a fixed one

pdfTeX warning (dest): name{Hfootnote.3} has been referenced but does not exist
, replaced by a fixed one

pdfTeX warning (dest): name{Hfootnote.2} has been referenced but does not exist
, replaced by a fixed one

pdfTeX warning (dest): name{Hfootnote.1} has been referenced but does not exist
, replaced by a fixed one

pdfTeX warning (dest): name{subfigure.12.2} has been referenced but does not ex
ist, replaced by a fixed one

pdfTeX warning (dest): name{subfigure.12.1} has been referenced but does not ex
ist, replaced by a fixed one

{/usr/share/texmf/fonts/enc/dvips/cm-super/cm-super-ts1.enc}</usr/share/texlive
/texmf-dist/fonts/type1/public/amsfonts/cm/cmbx12.pfb></usr/share/texlive/texmf
-dist/fonts/type1/public/amsfonts/cm/cmbx6.pfb></usr/share/texlive/texmf-dist/f
onts/type1/public/amsfonts/cm/cmbx8.pfb></usr/share/texlive/texmf-dist/fonts/ty
pe1/public/amsfonts/cm/cmcsc10.pfb></usr/share/texlive/texmf-dist/fonts/type1/p
ublic/amsfonts/cm/cmex10.pfb></usr/share/texlive/texmf-dist/fonts/type1/public/
amsfonts/cm/cmmi10.pfb></usr/share/texlive/texmf-dist/fonts/type1/public/amsfon
ts/cm/cmmi12.pfb></usr/share/texlive/texmf-dist/fonts/type1/public/amsfonts/cm/
cmmi6.pfb></usr/share/texlive/texmf-dist/fonts/type1/public/amsfonts/cm/cmmi8.p
fb></usr/share/texlive/texmf-dist/fonts/type1/public/amsfonts/cm/cmr10.pfb></us
r/share/texlive/texmf-dist/fonts/type1/public/amsfonts/cm/cmr12.pfb></usr/share
/texlive/texmf-dist/fonts/type1/public/amsfonts/cm/cmr6.pfb></usr/share/texlive
/texmf-dist/fonts/type1/public/amsfonts/cm/cmr7.pfb></usr/share/texlive/texmf-d
ist/fonts/type1/public/amsfonts/cm/cmr8.pfb></usr/share/texlive/texmf-dist/font
s/type1/public/amsfonts/cm/cmsy10.pfb></usr/share/texlive/texmf-dist/fonts/type
1/public/amsfonts/cm/cmsy6.pfb></usr/share/texlive/texmf-dist/fonts/type1/publi
c/amsfonts/cm/cmsy7.pfb></usr/share/texlive/texmf-dist/fonts/type1/public/amsfo
nts/cm/cmsy8.pfb></usr/share/texlive/texmf-dist/fonts/type1/public/amsfonts/cm/
cmti10.pfb></usr/share/texlive/texmf-dist/fonts/type1/public/amsfonts/cm/cmti12
.pfb></usr/share/texlive/texmf-dist/fonts/type1/public/amsfonts/latxfont/line10
.pfb></usr/share/texmf/fonts/type1/public/cm-super/sfrm1200.pfb></usr/share/tex
live/texmf-dist/fonts/type1/public/wasy2-ps/wasy10.pfb>
Output written on theisis_master.pdf (182 pages, 9655834 bytes).
PDF statistics:
 2863 PDF objects out of 2984 (max. 8388607)
 2428 compressed objects within 25 object streams
 513 named destinations out of 1000 (max. 500000)
 871 words of extra memory for PDF output out of 10000 (max. 10000000)

