\BOOKMARK [0][-]{chapter*.1}{Abstract}{}% 1
\BOOKMARK [0][-]{chapter*.2}{Acknowledgements}{}% 2
\BOOKMARK [0][-]{section*.3}{Contents}{}% 3
\BOOKMARK [0][-]{section*.4}{List of Tables}{}% 4
\BOOKMARK [0][-]{section*.5}{List of Figures}{}% 5
\BOOKMARK [0][-]{chapter*.6}{Declaration of authorship}{}% 6
\BOOKMARK [0][-]{chapter.1}{ROC}{}% 7
\BOOKMARK [1][-]{section.1.1}{Introduction}{chapter.1}% 8
\BOOKMARK [1][-]{section.1.2}{Model Setup}{chapter.1}% 9
\BOOKMARK [1][-]{section.1.3}{Impact on ROC}{chapter.1}% 10
\BOOKMARK [2][-]{subsection.1.3.1}{Eulerian MOC}{section.1.3}% 11
\BOOKMARK [2][-]{subsection.1.3.2}{ROC Overview}{section.1.3}% 12
\BOOKMARK [2][-]{subsection.1.3.3}{SAMW Cell}{section.1.3}% 13
\BOOKMARK [2][-]{subsection.1.3.4}{NADW Cell}{section.1.3}% 14
\BOOKMARK [2][-]{subsection.1.3.5}{AABW Cell}{section.1.3}% 15
\BOOKMARK [2][-]{subsection.1.3.6}{Closed Regime Overview}{section.1.3}% 16
\BOOKMARK [1][-]{section.1.4}{Eddy Response}{chapter.1}% 17
\BOOKMARK [1][-]{section.1.5}{Summary}{chapter.1}% 18
\BOOKMARK [0][-]{chapter.2}{Diabatic Eddies}{}% 19
\BOOKMARK [1][-]{section.2.1}{Bouyancy Budget}{chapter.2}% 20
\BOOKMARK [1][-]{section.2.2}{Varying the northern boundary stratification}{chapter.2}% 21
\BOOKMARK [1][-]{section.2.3}{Results}{chapter.2}% 22
\BOOKMARK [1][-]{section.2.4}{Understanding diabatic eddy processes}{chapter.2}% 23
\BOOKMARK [1][-]{section.2.5}{Scalings}{chapter.2}% 24
\BOOKMARK [2][-]{subsection.2.5.1}{Dependency on stratification at northern boundary}{section.2.5}% 25
\BOOKMARK [2][-]{subsection.2.5.2}{Testing Scalings}{section.2.5}% 26
\BOOKMARK [0][-]{chapter.3}{Topographic effects}{}% 27
\BOOKMARK [1][-]{section.3.1}{Set up}{chapter.3}% 28
\BOOKMARK [1][-]{section.3.2}{Results}{chapter.3}% 29
\BOOKMARK [2][-]{subsection.3.2.1}{ROC}{section.3.2}% 30
\BOOKMARK [2][-]{subsection.3.2.2}{Heat budgets}{section.3.2}% 31
\BOOKMARK [1][-]{section.3.3}{Robustness}{chapter.3}% 32
\BOOKMARK [1][-]{section.3.4}{ACC}{chapter.3}% 33
\BOOKMARK [0][-]{chapter.4}{Coupled Model}{}% 34
\BOOKMARK [1][-]{section.4.1}{Set up}{chapter.4}% 35
\BOOKMARK [1][-]{section.4.2}{results}{chapter.4}% 36
\BOOKMARK [0][-]{chapter*.17}{Appendix}{}% 37
